#! /usr/bin/vvp
:ivl_version "11.0 (stable)";
:ivl_delay_selection "TYPICAL";
:vpi_time_precision - 9;
:vpi_module "/usr/lib/x86_64-linux-gnu/ivl/system.vpi";
:vpi_module "/usr/lib/x86_64-linux-gnu/ivl/vhdl_sys.vpi";
:vpi_module "/usr/lib/x86_64-linux-gnu/ivl/vhdl_textio.vpi";
:vpi_module "/usr/lib/x86_64-linux-gnu/ivl/v2005_math.vpi";
:vpi_module "/usr/lib/x86_64-linux-gnu/ivl/va_math.vpi";
S_0x562a70a6c3b0 .scope module, "transmissor_ascii_tb" "transmissor_ascii_tb" 2 3;
 .timescale -9 -9;
P_0x562a70a51a30 .param/l "clockPeriod" 0 2 27, +C4<00000000000000000000000000010100>;
v0x562a70aa31a0_0 .var "caractere_final_angulo", 6 0;
v0x562a70aa3280_0 .var "caractere_final_distancia", 6 0;
v0x562a70aa3340_0 .var/i "caso", 31 0;
v0x562a70aa3400_0 .var "centena_angulo", 6 0;
v0x562a70aa34c0_0 .var "centena_distancia", 6 0;
v0x562a70aa35d0_0 .var "clock", 0 0;
v0x562a70aa3670_0 .net "dado_serial", 0 0, L_0x562a70a2f3e0;  1 drivers
v0x562a70aa3710_0 .var "dezena_angulo", 6 0;
v0x562a70aa37d0_0 .var "dezena_distancia", 6 0;
v0x562a70aa3920_0 .var "iniciar", 0 0;
v0x562a70aa39c0_0 .net "pronto", 0 0, v0x562a70aa1f50_0;  1 drivers
v0x562a70aa3ab0_0 .var "reset", 0 0;
v0x562a70aa3b50_0 .var "unidade_angulo", 6 0;
v0x562a70aa3c10_0 .var "unidade_distancia", 6 0;
E_0x562a70a41d60 .event edge, v0x562a70aa1f50_0;
E_0x562a70a11af0 .event negedge, v0x562a70a576b0_0;
S_0x562a70a77910 .scope module, "dut" "transmissor_ascii" 2 10, 3 1 0, S_0x562a70a6c3b0;
 .timescale -9 -9;
    .port_info 0 /INPUT 1 "clock";
    .port_info 1 /INPUT 1 "reset";
    .port_info 2 /INPUT 1 "iniciar";
    .port_info 3 /INPUT 7 "centena_angulo";
    .port_info 4 /INPUT 7 "dezena_angulo";
    .port_info 5 /INPUT 7 "unidade_angulo";
    .port_info 6 /INPUT 7 "caractere_final_angulo";
    .port_info 7 /INPUT 7 "centena_distancia";
    .port_info 8 /INPUT 7 "dezena_distancia";
    .port_info 9 /INPUT 7 "unidade_distancia";
    .port_info 10 /INPUT 7 "caractere_final_distancia";
    .port_info 11 /OUTPUT 1 "pronto";
    .port_info 12 /OUTPUT 1 "dado_serial";
v0x562a70aa2280_0 .net "caractere_final_angulo", 6 0, v0x562a70aa31a0_0;  1 drivers
v0x562a70aa23b0_0 .net "caractere_final_distancia", 6 0, v0x562a70aa3280_0;  1 drivers
v0x562a70aa24c0_0 .net "centena_angulo", 6 0, v0x562a70aa3400_0;  1 drivers
v0x562a70aa25b0_0 .net "centena_distancia", 6 0, v0x562a70aa34c0_0;  1 drivers
v0x562a70aa26c0_0 .net "clock", 0 0, v0x562a70aa35d0_0;  1 drivers
v0x562a70aa27b0_0 .net "dado_serial", 0 0, L_0x562a70a2f3e0;  alias, 1 drivers
v0x562a70aa28a0_0 .net "dezena_angulo", 6 0, v0x562a70aa3710_0;  1 drivers
v0x562a70aa29b0_0 .net "dezena_distancia", 6 0, v0x562a70aa37d0_0;  1 drivers
v0x562a70aa2ac0_0 .net "iniciar", 0 0, v0x562a70aa3920_0;  1 drivers
v0x562a70aa2b60_0 .net "pronto", 0 0, v0x562a70aa1f50_0;  alias, 1 drivers
v0x562a70aa2c00_0 .net "reset", 0 0, v0x562a70aa3ab0_0;  1 drivers
v0x562a70aa2d30_0 .net "s_fim_transmissao", 0 0, L_0x562a70aa5d10;  1 drivers
v0x562a70aa2dd0_0 .net "s_transmite", 0 0, v0x562a70aa2090_0;  1 drivers
v0x562a70aa2e70_0 .net "unidade_angulo", 6 0, v0x562a70aa3b50_0;  1 drivers
v0x562a70aa2f10_0 .net "unidade_distancia", 6 0, v0x562a70aa3c10_0;  1 drivers
S_0x562a70a77c00 .scope module, "FD" "transmissor_ascii_fd" 3 20, 4 1 0, S_0x562a70a77910;
 .timescale -9 -9;
    .port_info 0 /INPUT 1 "clock";
    .port_info 1 /INPUT 1 "reset";
    .port_info 2 /INPUT 7 "centena_angulo";
    .port_info 3 /INPUT 7 "dezena_angulo";
    .port_info 4 /INPUT 7 "unidade_angulo";
    .port_info 5 /INPUT 7 "caractere_final_angulo";
    .port_info 6 /INPUT 7 "centena_distancia";
    .port_info 7 /INPUT 7 "dezena_distancia";
    .port_info 8 /INPUT 7 "unidade_distancia";
    .port_info 9 /INPUT 7 "caractere_final_distancia";
    .port_info 10 /INPUT 1 "transmite";
    .port_info 11 /OUTPUT 1 "fim_transmissao";
    .port_info 12 /OUTPUT 1 "saida_serial";
L_0x562a70aa5d10 .functor BUFZ 1, v0x562a70a9dc20_0, C4<0>, C4<0>, C4<0>;
v0x562a70a9fbb0_0 .net "ascii_transmitido", 6 0, L_0x562a70aa5200;  1 drivers
v0x562a70a9fc90_0 .net "caractere_final_angulo", 6 0, v0x562a70aa31a0_0;  alias, 1 drivers
v0x562a70a9fd50_0 .net "caractere_final_distancia", 6 0, v0x562a70aa3280_0;  alias, 1 drivers
v0x562a70a9fe50_0 .net "centena_angulo", 6 0, v0x562a70aa3400_0;  alias, 1 drivers
v0x562a70a9ff20_0 .net "centena_distancia", 6 0, v0x562a70aa34c0_0;  alias, 1 drivers
v0x562a70a9ffc0_0 .net "clock", 0 0, v0x562a70aa35d0_0;  alias, 1 drivers
v0x562a70aa0060_0 .net "dezena_angulo", 6 0, v0x562a70aa3710_0;  alias, 1 drivers
v0x562a70aa0130_0 .net "dezena_distancia", 6 0, v0x562a70aa37d0_0;  alias, 1 drivers
v0x562a70aa0200_0 .net "fim_transmissao", 0 0, L_0x562a70aa5d10;  alias, 1 drivers
v0x562a70aa0330_0 .net "reset", 0 0, v0x562a70aa3ab0_0;  alias, 1 drivers
v0x562a70aa03d0_0 .net "s_fim_transmissao", 0 0, v0x562a70a9dc20_0;  1 drivers
v0x562a70aa0470_0 .net "saida_serial", 0 0, L_0x562a70a2f3e0;  alias, 1 drivers
v0x562a70aa0510_0 .net "sel", 2 0, v0x562a70a57830_0;  1 drivers
v0x562a70aa0600_0 .net "transmite", 0 0, v0x562a70aa2090_0;  alias, 1 drivers
v0x562a70aa06a0_0 .net "unidade_angulo", 6 0, v0x562a70aa3b50_0;  alias, 1 drivers
v0x562a70aa0770_0 .net "unidade_distancia", 6 0, v0x562a70aa3c10_0;  alias, 1 drivers
S_0x562a70a77ef0 .scope module, "CONTA_SELECT" "contador_m" 4 35, 5 16 0, S_0x562a70a77c00;
 .timescale -9 -9;
    .port_info 0 /INPUT 1 "clock";
    .port_info 1 /INPUT 1 "zera_as";
    .port_info 2 /INPUT 1 "zera_s";
    .port_info 3 /INPUT 1 "conta";
    .port_info 4 /OUTPUT 3 "Q";
    .port_info 5 /OUTPUT 1 "fim";
    .port_info 6 /OUTPUT 1 "meio";
P_0x562a70a7d3d0 .param/l "M" 0 5 16, +C4<00000000000000000000000000001000>;
P_0x562a70a7d410 .param/l "N" 0 5 16, +C4<00000000000000000000000000000011>;
v0x562a70a57830_0 .var "Q", 2 0;
v0x562a70a576b0_0 .net "clock", 0 0, v0x562a70aa35d0_0;  alias, 1 drivers
v0x562a70a762a0_0 .net "conta", 0 0, v0x562a70a9dc20_0;  alias, 1 drivers
v0x562a70a71e10_0 .var "fim", 0 0;
v0x562a70a71eb0_0 .var "meio", 0 0;
o0x7f984d6d5108 .functor BUFZ 1, C4<z>; HiZ drive
v0x562a70a706f0_0 .net "zera_as", 0 0, o0x7f984d6d5108;  0 drivers
v0x562a70a6b560_0 .net "zera_s", 0 0, v0x562a70aa3ab0_0;  alias, 1 drivers
E_0x562a70a80300 .event edge, v0x562a70a57830_0;
E_0x562a70a802c0 .event posedge, v0x562a70a706f0_0, v0x562a70a576b0_0;
S_0x562a70a781e0 .scope module, "MUX" "mux_8x1_n" 4 22, 6 1 0, S_0x562a70a77c00;
 .timescale -9 -9;
    .port_info 0 /INPUT 7 "D7";
    .port_info 1 /INPUT 7 "D6";
    .port_info 2 /INPUT 7 "D5";
    .port_info 3 /INPUT 7 "D4";
    .port_info 4 /INPUT 7 "D3";
    .port_info 5 /INPUT 7 "D2";
    .port_info 6 /INPUT 7 "D1";
    .port_info 7 /INPUT 7 "D0";
    .port_info 8 /INPUT 3 "SEL";
    .port_info 9 /OUTPUT 7 "MUX_OUT";
P_0x562a70a98230 .param/l "BITS" 0 6 2, +C4<00000000000000000000000000000111>;
v0x562a70a983d0_0 .net "D0", 6 0, v0x562a70aa3400_0;  alias, 1 drivers
v0x562a70a984b0_0 .net "D1", 6 0, v0x562a70aa3710_0;  alias, 1 drivers
v0x562a70a98590_0 .net "D2", 6 0, v0x562a70aa3b50_0;  alias, 1 drivers
v0x562a70a98650_0 .net "D3", 6 0, v0x562a70aa31a0_0;  alias, 1 drivers
v0x562a70a98730_0 .net "D4", 6 0, v0x562a70aa34c0_0;  alias, 1 drivers
v0x562a70a98860_0 .net "D5", 6 0, v0x562a70aa37d0_0;  alias, 1 drivers
v0x562a70a98940_0 .net "D6", 6 0, v0x562a70aa3c10_0;  alias, 1 drivers
v0x562a70a98a20_0 .net "D7", 6 0, v0x562a70aa3280_0;  alias, 1 drivers
v0x562a70a98b00_0 .net "MUX_OUT", 6 0, L_0x562a70aa5200;  alias, 1 drivers
v0x562a70a98be0_0 .net "SEL", 2 0, v0x562a70a57830_0;  alias, 1 drivers
L_0x7f984d68c018 .functor BUFT 1, C4<111>, C4<0>, C4<0>, C4<0>;
v0x562a70a98ca0_0 .net/2u *"_ivl_0", 2 0, L_0x7f984d68c018;  1 drivers
v0x562a70a98d60_0 .net *"_ivl_10", 0 0, L_0x562a70aa3ef0;  1 drivers
L_0x7f984d68c0f0 .functor BUFT 1, C4<100>, C4<0>, C4<0>, C4<0>;
v0x562a70a98e20_0 .net/2u *"_ivl_12", 2 0, L_0x7f984d68c0f0;  1 drivers
v0x562a70a98f00_0 .net *"_ivl_14", 0 0, L_0x562a70aa3fe0;  1 drivers
L_0x7f984d68c138 .functor BUFT 1, C4<011>, C4<0>, C4<0>, C4<0>;
v0x562a70a98fc0_0 .net/2u *"_ivl_16", 2 0, L_0x7f984d68c138;  1 drivers
v0x562a70a990a0_0 .net *"_ivl_18", 0 0, L_0x562a70aa4120;  1 drivers
v0x562a70a99160_0 .net *"_ivl_2", 0 0, L_0x562a70aa3cd0;  1 drivers
L_0x7f984d68c180 .functor BUFT 1, C4<010>, C4<0>, C4<0>, C4<0>;
v0x562a70a99220_0 .net/2u *"_ivl_20", 2 0, L_0x7f984d68c180;  1 drivers
v0x562a70a99300_0 .net *"_ivl_22", 0 0, L_0x562a70aa4210;  1 drivers
L_0x7f984d68c1c8 .functor BUFT 1, C4<001>, C4<0>, C4<0>, C4<0>;
v0x562a70a993c0_0 .net/2u *"_ivl_24", 2 0, L_0x7f984d68c1c8;  1 drivers
v0x562a70a994a0_0 .net *"_ivl_26", 0 0, L_0x562a70aa4450;  1 drivers
L_0x7f984d68c210 .functor BUFT 1, C4<000>, C4<0>, C4<0>, C4<0>;
v0x562a70a99560_0 .net/2u *"_ivl_28", 2 0, L_0x7f984d68c210;  1 drivers
v0x562a70a99640_0 .net *"_ivl_30", 0 0, L_0x562a70aa4540;  1 drivers
L_0x7f984d68c258 .functor BUFT 1, C4<1111111>, C4<0>, C4<0>, C4<0>;
v0x562a70a99700_0 .net/2u *"_ivl_32", 6 0, L_0x7f984d68c258;  1 drivers
v0x562a70a997e0_0 .net *"_ivl_34", 6 0, L_0x562a70aa4680;  1 drivers
v0x562a70a998c0_0 .net *"_ivl_36", 6 0, L_0x562a70aa4800;  1 drivers
v0x562a70a999a0_0 .net *"_ivl_38", 6 0, L_0x562a70aa4990;  1 drivers
L_0x7f984d68c060 .functor BUFT 1, C4<110>, C4<0>, C4<0>, C4<0>;
v0x562a70a99a80_0 .net/2u *"_ivl_4", 2 0, L_0x7f984d68c060;  1 drivers
v0x562a70a99b60_0 .net *"_ivl_40", 6 0, L_0x562a70aa4b10;  1 drivers
v0x562a70a99c40_0 .net *"_ivl_42", 6 0, L_0x562a70aa4d00;  1 drivers
v0x562a70a99d20_0 .net *"_ivl_44", 6 0, L_0x562a70aa4e80;  1 drivers
v0x562a70a99e00_0 .net *"_ivl_46", 6 0, L_0x562a70aa5080;  1 drivers
v0x562a70a99ee0_0 .net *"_ivl_6", 0 0, L_0x562a70aa3dc0;  1 drivers
L_0x7f984d68c0a8 .functor BUFT 1, C4<101>, C4<0>, C4<0>, C4<0>;
v0x562a70a9a1b0_0 .net/2u *"_ivl_8", 2 0, L_0x7f984d68c0a8;  1 drivers
L_0x562a70aa3cd0 .cmp/eq 3, v0x562a70a57830_0, L_0x7f984d68c018;
L_0x562a70aa3dc0 .cmp/eq 3, v0x562a70a57830_0, L_0x7f984d68c060;
L_0x562a70aa3ef0 .cmp/eq 3, v0x562a70a57830_0, L_0x7f984d68c0a8;
L_0x562a70aa3fe0 .cmp/eq 3, v0x562a70a57830_0, L_0x7f984d68c0f0;
L_0x562a70aa4120 .cmp/eq 3, v0x562a70a57830_0, L_0x7f984d68c138;
L_0x562a70aa4210 .cmp/eq 3, v0x562a70a57830_0, L_0x7f984d68c180;
L_0x562a70aa4450 .cmp/eq 3, v0x562a70a57830_0, L_0x7f984d68c1c8;
L_0x562a70aa4540 .cmp/eq 3, v0x562a70a57830_0, L_0x7f984d68c210;
L_0x562a70aa4680 .functor MUXZ 7, L_0x7f984d68c258, v0x562a70aa3400_0, L_0x562a70aa4540, C4<>;
L_0x562a70aa4800 .functor MUXZ 7, L_0x562a70aa4680, v0x562a70aa3710_0, L_0x562a70aa4450, C4<>;
L_0x562a70aa4990 .functor MUXZ 7, L_0x562a70aa4800, v0x562a70aa3b50_0, L_0x562a70aa4210, C4<>;
L_0x562a70aa4b10 .functor MUXZ 7, L_0x562a70aa4990, v0x562a70aa31a0_0, L_0x562a70aa4120, C4<>;
L_0x562a70aa4d00 .functor MUXZ 7, L_0x562a70aa4b10, v0x562a70aa34c0_0, L_0x562a70aa3fe0, C4<>;
L_0x562a70aa4e80 .functor MUXZ 7, L_0x562a70aa4d00, v0x562a70aa37d0_0, L_0x562a70aa3ef0, C4<>;
L_0x562a70aa5080 .functor MUXZ 7, L_0x562a70aa4e80, v0x562a70aa3c10_0, L_0x562a70aa3dc0, C4<>;
L_0x562a70aa5200 .functor MUXZ 7, L_0x562a70aa5080, v0x562a70aa3280_0, L_0x562a70aa3cd0, C4<>;
S_0x562a70a9a3d0 .scope module, "SERIAL" "tx_serial_7O1" 4 46, 7 5 0, S_0x562a70a77c00;
 .timescale -9 -9;
    .port_info 0 /INPUT 1 "clock";
    .port_info 1 /INPUT 1 "reset";
    .port_info 2 /INPUT 1 "partida";
    .port_info 3 /INPUT 7 "dados_ascii";
    .port_info 4 /OUTPUT 1 "saida_serial";
    .port_info 5 /OUTPUT 1 "pronto";
    .port_info 6 /OUTPUT 1 "db_partida";
    .port_info 7 /OUTPUT 1 "db_saida_serial";
    .port_info 8 /OUTPUT 4 "db_estado";
L_0x562a70aa4bb0 .functor BUFZ 1, v0x562a70aa3ab0_0, C4<0>, C4<0>, C4<0>;
L_0x562a70a76140 .functor BUFZ 1, v0x562a70aa2090_0, C4<0>, C4<0>, C4<0>;
L_0x562a70a2f3e0 .functor BUFZ 1, L_0x562a70aa5840, C4<0>, C4<0>, C4<0>;
L_0x562a70aa59c0 .functor BUFZ 1, v0x562a70aa35d0_0, C4<0>, C4<0>, C4<0>;
L_0x562a70aa5a30 .functor BUFZ 1, v0x562a70a9e7d0_0, C4<0>, C4<0>, C4<0>;
L_0x562a70aa5aa0 .functor BUFZ 1, L_0x562a70a76140, C4<0>, C4<0>, C4<0>;
L_0x562a70aa5b50 .functor BUFZ 1, L_0x562a70aa5840, C4<0>, C4<0>, C4<0>;
L_0x562a70aa5c50 .functor BUFZ 4, v0x562a70a9d8c0_0, C4<0000>, C4<0000>, C4<0000>;
v0x562a70a9ebc0_0 .net "clock", 0 0, v0x562a70aa35d0_0;  alias, 1 drivers
v0x562a70a9ec80_0 .net "dados_ascii", 6 0, L_0x562a70aa5200;  alias, 1 drivers
v0x562a70a9ed90_0 .net "db_clock", 0 0, L_0x562a70aa59c0;  1 drivers
v0x562a70a9ee30_0 .net "db_estado", 3 0, L_0x562a70aa5c50;  1 drivers
v0x562a70a9ef10_0 .net "db_partida", 0 0, L_0x562a70aa5aa0;  1 drivers
v0x562a70a9f020_0 .net "db_saida_serial", 0 0, L_0x562a70aa5b50;  1 drivers
v0x562a70a9f0e0_0 .net "db_tick", 0 0, L_0x562a70aa5a30;  1 drivers
v0x562a70a9f1a0_0 .net "partida", 0 0, v0x562a70aa2090_0;  alias, 1 drivers
v0x562a70a9f260_0 .net "pronto", 0 0, v0x562a70a9dc20_0;  alias, 1 drivers
v0x562a70a9f300_0 .net "reset", 0 0, v0x562a70aa3ab0_0;  alias, 1 drivers
v0x562a70a9f3a0_0 .net "s_carrega", 0 0, v0x562a70a9d610_0;  1 drivers
v0x562a70a9f440_0 .net "s_conta", 0 0, v0x562a70a9d7d0_0;  1 drivers
v0x562a70a9f4e0_0 .net "s_desloca", 0 0, v0x562a70a9d980_0;  1 drivers
v0x562a70a9f580_0 .net "s_estado", 3 0, v0x562a70a9d8c0_0;  1 drivers
v0x562a70a9f620_0 .net "s_fim", 0 0, v0x562a70a9bcb0_0;  1 drivers
v0x562a70a9f6c0_0 .net "s_partida", 0 0, L_0x562a70a76140;  1 drivers
v0x562a70a9f760_0 .net "s_reset", 0 0, L_0x562a70aa4bb0;  1 drivers
v0x562a70a9f800_0 .net "s_saida_serial", 0 0, L_0x562a70aa5840;  1 drivers
v0x562a70a9f8a0_0 .net "s_tick", 0 0, v0x562a70a9e7d0_0;  1 drivers
v0x562a70a9f990_0 .net "s_zera", 0 0, v0x562a70a9de00_0;  1 drivers
v0x562a70a9fa30_0 .net "saida_serial", 0 0, L_0x562a70a2f3e0;  alias, 1 drivers
S_0x562a70a9a6c0 .scope module, "U1_FD" "tx_serial_7O1_fd" 7 34, 8 5 0, S_0x562a70a9a3d0;
 .timescale -9 -9;
    .port_info 0 /INPUT 1 "clock";
    .port_info 1 /INPUT 1 "reset";
    .port_info 2 /INPUT 1 "zera";
    .port_info 3 /INPUT 1 "conta";
    .port_info 4 /INPUT 1 "carrega";
    .port_info 5 /INPUT 1 "desloca";
    .port_info 6 /INPUT 7 "dados_ascii";
    .port_info 7 /OUTPUT 1 "saida_serial";
    .port_info 8 /OUTPUT 1 "fim";
L_0x562a70a6b400 .functor BUFZ 7, L_0x562a70aa5200, C4<0000000>, C4<0000000>, C4<0000000>;
v0x562a70a9c100_0 .net *"_ivl_11", 6 0, L_0x562a70a6b400;  1 drivers
v0x562a70a9c200_0 .net *"_ivl_15", 0 0, L_0x562a70aa5570;  1 drivers
L_0x7f984d68c330 .functor BUFT 1, C4<1>, C4<0>, C4<0>, C4<0>;
v0x562a70a9c2c0_0 .net/2u *"_ivl_19", 0 0, L_0x7f984d68c330;  1 drivers
L_0x7f984d68c2a0 .functor BUFT 1, C4<1>, C4<0>, C4<0>, C4<0>;
v0x562a70a9c380_0 .net/2u *"_ivl_2", 0 0, L_0x7f984d68c2a0;  1 drivers
L_0x7f984d68c2e8 .functor BUFT 1, C4<0>, C4<0>, C4<0>, C4<0>;
v0x562a70a9c460_0 .net/2u *"_ivl_6", 0 0, L_0x7f984d68c2e8;  1 drivers
v0x562a70a9c590_0 .net "carrega", 0 0, v0x562a70a9d610_0;  alias, 1 drivers
v0x562a70a9c630_0 .net "clock", 0 0, v0x562a70aa35d0_0;  alias, 1 drivers
v0x562a70a9c6d0_0 .net "conta", 0 0, v0x562a70a9d7d0_0;  alias, 1 drivers
v0x562a70a9c7a0_0 .net "dados_ascii", 6 0, L_0x562a70aa5200;  alias, 1 drivers
v0x562a70a9c870_0 .net "desloca", 0 0, v0x562a70a9d980_0;  alias, 1 drivers
v0x562a70a9c940_0 .net "fim", 0 0, v0x562a70a9bcb0_0;  alias, 1 drivers
v0x562a70a9ca10_0 .net "reset", 0 0, L_0x562a70aa4bb0;  alias, 1 drivers
v0x562a70a9cae0_0 .net "s_dados", 10 0, L_0x562a70aa5610;  1 drivers
v0x562a70a9cbb0_0 .net "s_saida", 10 0, v0x562a70a9add0_0;  1 drivers
v0x562a70a9cc80_0 .net "saida_serial", 0 0, L_0x562a70aa5840;  alias, 1 drivers
v0x562a70a9cd20_0 .net "zera", 0 0, v0x562a70a9de00_0;  alias, 1 drivers
L_0x562a70aa5570 .reduce/xnor L_0x562a70aa5200;
LS_0x562a70aa5610_0_0 .concat8 [ 1 1 7 1], L_0x7f984d68c2a0, L_0x7f984d68c2e8, L_0x562a70a6b400, L_0x562a70aa5570;
LS_0x562a70aa5610_0_4 .concat8 [ 1 0 0 0], L_0x7f984d68c330;
L_0x562a70aa5610 .concat8 [ 10 1 0 0], LS_0x562a70aa5610_0_0, LS_0x562a70aa5610_0_4;
L_0x562a70aa5840 .part v0x562a70a9add0_0, 0, 1;
S_0x562a70a9a9d0 .scope module, "U1" "deslocador_n" 8 30, 9 15 0, S_0x562a70a9a6c0;
 .timescale -9 -9;
    .port_info 0 /INPUT 1 "clock";
    .port_info 1 /INPUT 1 "reset";
    .port_info 2 /INPUT 1 "carrega";
    .port_info 3 /INPUT 1 "desloca";
    .port_info 4 /INPUT 1 "entrada_serial";
    .port_info 5 /INPUT 11 "dados";
    .port_info 6 /OUTPUT 11 "saida";
P_0x562a70a9abd0 .param/l "N" 0 9 16, +C4<00000000000000000000000000001011>;
v0x562a70a9add0_0 .var "IQ", 10 0;
v0x562a70a9aed0_0 .net "carrega", 0 0, v0x562a70a9d610_0;  alias, 1 drivers
v0x562a70a9af90_0 .net "clock", 0 0, v0x562a70aa35d0_0;  alias, 1 drivers
v0x562a70a9b090_0 .net "dados", 10 0, L_0x562a70aa5610;  alias, 1 drivers
v0x562a70a9b130_0 .net "desloca", 0 0, v0x562a70a9d980_0;  alias, 1 drivers
L_0x7f984d68c378 .functor BUFT 1, C4<1>, C4<0>, C4<0>, C4<0>;
v0x562a70a9b240_0 .net "entrada_serial", 0 0, L_0x7f984d68c378;  1 drivers
v0x562a70a9b300_0 .net "reset", 0 0, L_0x562a70aa4bb0;  alias, 1 drivers
v0x562a70a9b3c0_0 .net "saida", 10 0, v0x562a70a9add0_0;  alias, 1 drivers
E_0x562a70a9ad50 .event posedge, v0x562a70a9b300_0, v0x562a70a576b0_0;
S_0x562a70a9b5c0 .scope module, "U2" "contador_m" 8 44, 5 16 0, S_0x562a70a9a6c0;
 .timescale -9 -9;
    .port_info 0 /INPUT 1 "clock";
    .port_info 1 /INPUT 1 "zera_as";
    .port_info 2 /INPUT 1 "zera_s";
    .port_info 3 /INPUT 1 "conta";
    .port_info 4 /OUTPUT 4 "Q";
    .port_info 5 /OUTPUT 1 "fim";
    .port_info 6 /OUTPUT 1 "meio";
P_0x562a70a7d4f0 .param/l "M" 0 5 16, +C4<00000000000000000000000000001100>;
P_0x562a70a7d530 .param/l "N" 0 5 16, +C4<00000000000000000000000000000100>;
v0x562a70a9ba00_0 .var "Q", 3 0;
v0x562a70a9bb00_0 .net "clock", 0 0, v0x562a70aa35d0_0;  alias, 1 drivers
v0x562a70a9bc10_0 .net "conta", 0 0, v0x562a70a9d7d0_0;  alias, 1 drivers
v0x562a70a9bcb0_0 .var "fim", 0 0;
v0x562a70a9bd50_0 .var "meio", 0 0;
L_0x7f984d68c3c0 .functor BUFT 1, C4<0>, C4<0>, C4<0>, C4<0>;
v0x562a70a9be60_0 .net "zera_as", 0 0, L_0x7f984d68c3c0;  1 drivers
v0x562a70a9bf20_0 .net "zera_s", 0 0, v0x562a70a9de00_0;  alias, 1 drivers
E_0x562a70a9b940 .event edge, v0x562a70a9ba00_0;
E_0x562a70a9b9a0 .event posedge, v0x562a70a9be60_0, v0x562a70a576b0_0;
S_0x562a70a9ce70 .scope module, "U2_UC" "tx_serial_uc" 7 48, 10 16 0, S_0x562a70a9a3d0;
 .timescale -9 -9;
    .port_info 0 /INPUT 1 "clock";
    .port_info 1 /INPUT 1 "reset";
    .port_info 2 /INPUT 1 "partida";
    .port_info 3 /INPUT 1 "tick";
    .port_info 4 /INPUT 1 "fim";
    .port_info 5 /OUTPUT 1 "zera";
    .port_info 6 /OUTPUT 1 "conta";
    .port_info 7 /OUTPUT 1 "carrega";
    .port_info 8 /OUTPUT 1 "desloca";
    .port_info 9 /OUTPUT 1 "pronto";
    .port_info 10 /OUTPUT 4 "db_estado";
P_0x562a70a9d020 .param/l "espera" 0 10 33, C4<0011>;
P_0x562a70a9d060 .param/l "final_tx" 0 10 35, C4<1111>;
P_0x562a70a9d0a0 .param/l "inicial" 0 10 31, C4<0000>;
P_0x562a70a9d0e0 .param/l "preparacao" 0 10 32, C4<0001>;
P_0x562a70a9d120 .param/l "transmissao" 0 10 34, C4<0111>;
v0x562a70a9d430_0 .var "Eatual", 3 0;
v0x562a70a9d530_0 .var "Eprox", 3 0;
v0x562a70a9d610_0 .var "carrega", 0 0;
v0x562a70a9d730_0 .net "clock", 0 0, v0x562a70aa35d0_0;  alias, 1 drivers
v0x562a70a9d7d0_0 .var "conta", 0 0;
v0x562a70a9d8c0_0 .var "db_estado", 3 0;
v0x562a70a9d980_0 .var "desloca", 0 0;
v0x562a70a9da70_0 .net "fim", 0 0, v0x562a70a9bcb0_0;  alias, 1 drivers
v0x562a70a9db60_0 .net "partida", 0 0, L_0x562a70a76140;  alias, 1 drivers
v0x562a70a9dc20_0 .var "pronto", 0 0;
v0x562a70a9dcc0_0 .net "reset", 0 0, L_0x562a70aa4bb0;  alias, 1 drivers
v0x562a70a9dd60_0 .net "tick", 0 0, v0x562a70a9e7d0_0;  alias, 1 drivers
v0x562a70a9de00_0 .var "zera", 0 0;
E_0x562a70a80340 .event edge, v0x562a70a9d430_0;
E_0x562a70a9d3c0 .event edge, v0x562a70a9d430_0, v0x562a70a9db60_0, v0x562a70a9dd60_0, v0x562a70a9bcb0_0;
S_0x562a70a9e0b0 .scope module, "U3_TICK" "contador_m" 7 69, 5 16 0, S_0x562a70a9a3d0;
 .timescale -9 -9;
    .port_info 0 /INPUT 1 "clock";
    .port_info 1 /INPUT 1 "zera_as";
    .port_info 2 /INPUT 1 "zera_s";
    .port_info 3 /INPUT 1 "conta";
    .port_info 4 /OUTPUT 9 "Q";
    .port_info 5 /OUTPUT 1 "fim";
    .port_info 6 /OUTPUT 1 "meio";
P_0x562a70a7d2b0 .param/l "M" 0 5 16, +C4<00000000000000000000000110110010>;
P_0x562a70a7d2f0 .param/l "N" 0 5 16, +C4<00000000000000000000000000001001>;
v0x562a70a9e570_0 .var "Q", 8 0;
v0x562a70a9e670_0 .net "clock", 0 0, v0x562a70aa35d0_0;  alias, 1 drivers
L_0x7f984d68c450 .functor BUFT 1, C4<1>, C4<0>, C4<0>, C4<0>;
v0x562a70a9e730_0 .net "conta", 0 0, L_0x7f984d68c450;  1 drivers
v0x562a70a9e7d0_0 .var "fim", 0 0;
v0x562a70a9e870_0 .var "meio", 0 0;
L_0x7f984d68c408 .functor BUFT 1, C4<0>, C4<0>, C4<0>, C4<0>;
v0x562a70a9e960_0 .net "zera_as", 0 0, L_0x7f984d68c408;  1 drivers
v0x562a70a9ea00_0 .net "zera_s", 0 0, v0x562a70a9de00_0;  alias, 1 drivers
E_0x562a70a9e4b0 .event edge, v0x562a70a9e570_0;
E_0x562a70a9e510 .event posedge, v0x562a70a9e960_0, v0x562a70a576b0_0;
S_0x562a70aa09a0 .scope module, "UC" "transmissor_ascii_uc" 3 37, 11 1 0, S_0x562a70a77910;
 .timescale -9 -9;
    .port_info 0 /INPUT 1 "clock";
    .port_info 1 /INPUT 1 "reset";
    .port_info 2 /INPUT 1 "iniciar";
    .port_info 3 /INPUT 1 "fim_transmissao";
    .port_info 4 /OUTPUT 1 "transmite";
    .port_info 5 /OUTPUT 1 "pronto";
P_0x562a70aa0ba0 .param/l "espera_transmissao_caracter_final_angulo" 0 11 22, C4<01000>;
P_0x562a70aa0be0 .param/l "espera_transmissao_caracter_final_distancia" 0 11 30, C4<10000>;
P_0x562a70aa0c20 .param/l "espera_transmissao_centena_angulo" 0 11 16, C4<00010>;
P_0x562a70aa0c60 .param/l "espera_transmissao_centena_distancia" 0 11 24, C4<01010>;
P_0x562a70aa0ca0 .param/l "espera_transmissao_dezena_angulo" 0 11 18, C4<00100>;
P_0x562a70aa0ce0 .param/l "espera_transmissao_dezena_distancia" 0 11 26, C4<01100>;
P_0x562a70aa0d20 .param/l "espera_transmissao_unidade_angulo" 0 11 20, C4<00110>;
P_0x562a70aa0d60 .param/l "espera_transmissao_unidade_distancia" 0 11 28, C4<01110>;
P_0x562a70aa0da0 .param/l "fim" 0 11 31, C4<10001>;
P_0x562a70aa0de0 .param/l "inicial" 0 11 14, C4<00000>;
P_0x562a70aa0e20 .param/l "transmite_caracter_final_angulo" 0 11 21, C4<00111>;
P_0x562a70aa0e60 .param/l "transmite_caracter_final_distancia" 0 11 29, C4<01111>;
P_0x562a70aa0ea0 .param/l "transmite_centena_angulo" 0 11 15, C4<00001>;
P_0x562a70aa0ee0 .param/l "transmite_centena_distancia" 0 11 23, C4<01001>;
P_0x562a70aa0f20 .param/l "transmite_dezena_angulo" 0 11 17, C4<00011>;
P_0x562a70aa0f60 .param/l "transmite_dezena_distancia" 0 11 25, C4<01011>;
P_0x562a70aa0fa0 .param/l "transmite_unidade_angulo" 0 11 19, C4<00101>;
P_0x562a70aa0fe0 .param/l "transmite_unidade_distancia" 0 11 27, C4<01101>;
v0x562a70aa19d0_0 .var "Eatual", 4 0;
v0x562a70aa1ad0_0 .var "Eprox", 4 0;
v0x562a70aa1bb0_0 .net "clock", 0 0, v0x562a70aa35d0_0;  alias, 1 drivers
v0x562a70aa1d90_0 .net "fim_transmissao", 0 0, L_0x562a70aa5d10;  alias, 1 drivers
v0x562a70aa1e60_0 .net "iniciar", 0 0, v0x562a70aa3920_0;  alias, 1 drivers
v0x562a70aa1f50_0 .var "pronto", 0 0;
v0x562a70aa1ff0_0 .net "reset", 0 0, v0x562a70aa3ab0_0;  alias, 1 drivers
v0x562a70aa2090_0 .var "transmite", 0 0;
E_0x562a70aa18b0 .event edge, v0x562a70aa19d0_0;
E_0x562a70aa1910 .event edge, v0x562a70aa19d0_0, v0x562a70aa1e60_0, v0x562a70aa0200_0;
E_0x562a70aa1970 .event posedge, v0x562a70a6b560_0, v0x562a70a576b0_0;
    .scope S_0x562a70a77ef0;
T_0 ;
    %wait E_0x562a70a802c0;
    %load/vec4 v0x562a70a706f0_0;
    %flag_set/vec4 8;
    %jmp/0xz  T_0.0, 8;
    %pushi/vec4 0, 0, 3;
    %assign/vec4 v0x562a70a57830_0, 0;
    %jmp T_0.1;
T_0.0 ;
    %load/vec4 v0x562a70a576b0_0;
    %flag_set/vec4 8;
    %jmp/0xz  T_0.2, 8;
    %load/vec4 v0x562a70a6b560_0;
    %flag_set/vec4 8;
    %jmp/0xz  T_0.4, 8;
    %pushi/vec4 0, 0, 3;
    %assign/vec4 v0x562a70a57830_0, 0;
    %jmp T_0.5;
T_0.4 ;
    %load/vec4 v0x562a70a762a0_0;
    %flag_set/vec4 8;
    %jmp/0xz  T_0.6, 8;
    %load/vec4 v0x562a70a57830_0;
    %pad/u 32;
    %cmpi/e 7, 0, 32;
    %jmp/0xz  T_0.8, 4;
    %pushi/vec4 0, 0, 3;
    %assign/vec4 v0x562a70a57830_0, 0;
    %jmp T_0.9;
T_0.8 ;
    %load/vec4 v0x562a70a57830_0;
    %addi 1, 0, 3;
    %assign/vec4 v0x562a70a57830_0, 0;
T_0.9 ;
T_0.6 ;
T_0.5 ;
T_0.2 ;
T_0.1 ;
    %jmp T_0;
    .thread T_0;
    .scope S_0x562a70a77ef0;
T_1 ;
    %wait E_0x562a70a80300;
    %load/vec4 v0x562a70a57830_0;
    %pad/u 32;
    %cmpi/e 7, 0, 32;
    %jmp/0xz  T_1.0, 4;
    %pushi/vec4 1, 0, 1;
    %store/vec4 v0x562a70a71e10_0, 0, 1;
    %jmp T_1.1;
T_1.0 ;
    %pushi/vec4 0, 0, 1;
    %store/vec4 v0x562a70a71e10_0, 0, 1;
T_1.1 ;
    %jmp T_1;
    .thread T_1, $push;
    .scope S_0x562a70a77ef0;
T_2 ;
    %wait E_0x562a70a80300;
    %load/vec4 v0x562a70a57830_0;
    %pad/u 32;
    %cmpi/e 3, 0, 32;
    %jmp/0xz  T_2.0, 4;
    %pushi/vec4 1, 0, 1;
    %store/vec4 v0x562a70a71eb0_0, 0, 1;
    %jmp T_2.1;
T_2.0 ;
    %pushi/vec4 0, 0, 1;
    %store/vec4 v0x562a70a71eb0_0, 0, 1;
T_2.1 ;
    %jmp T_2;
    .thread T_2, $push;
    .scope S_0x562a70a9a9d0;
T_3 ;
    %wait E_0x562a70a9ad50;
    %load/vec4 v0x562a70a9b300_0;
    %flag_set/vec4 8;
    %jmp/0xz  T_3.0, 8;
    %pushi/vec4 2047, 0, 11;
    %assign/vec4 v0x562a70a9add0_0, 0;
    %jmp T_3.1;
T_3.0 ;
    %load/vec4 v0x562a70a9aed0_0;
    %flag_set/vec4 8;
    %jmp/0xz  T_3.2, 8;
    %load/vec4 v0x562a70a9b090_0;
    %assign/vec4 v0x562a70a9add0_0, 0;
    %jmp T_3.3;
T_3.2 ;
    %load/vec4 v0x562a70a9b130_0;
    %flag_set/vec4 8;
    %jmp/0xz  T_3.4, 8;
    %load/vec4 v0x562a70a9b240_0;
    %load/vec4 v0x562a70a9add0_0;
    %parti/s 10, 1, 2;
    %concat/vec4; draw_concat_vec4
    %assign/vec4 v0x562a70a9add0_0, 0;
    %jmp T_3.5;
T_3.4 ;
    %load/vec4 v0x562a70a9add0_0;
    %assign/vec4 v0x562a70a9add0_0, 0;
T_3.5 ;
T_3.3 ;
T_3.1 ;
    %jmp T_3;
    .thread T_3;
    .scope S_0x562a70a9b5c0;
T_4 ;
    %wait E_0x562a70a9b9a0;
    %load/vec4 v0x562a70a9be60_0;
    %flag_set/vec4 8;
    %jmp/0xz  T_4.0, 8;
    %pushi/vec4 0, 0, 4;
    %assign/vec4 v0x562a70a9ba00_0, 0;
    %jmp T_4.1;
T_4.0 ;
    %load/vec4 v0x562a70a9bb00_0;
    %flag_set/vec4 8;
    %jmp/0xz  T_4.2, 8;
    %load/vec4 v0x562a70a9bf20_0;
    %flag_set/vec4 8;
    %jmp/0xz  T_4.4, 8;
    %pushi/vec4 0, 0, 4;
    %assign/vec4 v0x562a70a9ba00_0, 0;
    %jmp T_4.5;
T_4.4 ;
    %load/vec4 v0x562a70a9bc10_0;
    %flag_set/vec4 8;
    %jmp/0xz  T_4.6, 8;
    %load/vec4 v0x562a70a9ba00_0;
    %pad/u 32;
    %cmpi/e 11, 0, 32;
    %jmp/0xz  T_4.8, 4;
    %pushi/vec4 0, 0, 4;
    %assign/vec4 v0x562a70a9ba00_0, 0;
    %jmp T_4.9;
T_4.8 ;
    %load/vec4 v0x562a70a9ba00_0;
    %addi 1, 0, 4;
    %assign/vec4 v0x562a70a9ba00_0, 0;
T_4.9 ;
T_4.6 ;
T_4.5 ;
T_4.2 ;
T_4.1 ;
    %jmp T_4;
    .thread T_4;
    .scope S_0x562a70a9b5c0;
T_5 ;
    %wait E_0x562a70a9b940;
    %load/vec4 v0x562a70a9ba00_0;
    %pad/u 32;
    %cmpi/e 11, 0, 32;
    %jmp/0xz  T_5.0, 4;
    %pushi/vec4 1, 0, 1;
    %store/vec4 v0x562a70a9bcb0_0, 0, 1;
    %jmp T_5.1;
T_5.0 ;
    %pushi/vec4 0, 0, 1;
    %store/vec4 v0x562a70a9bcb0_0, 0, 1;
T_5.1 ;
    %jmp T_5;
    .thread T_5, $push;
    .scope S_0x562a70a9b5c0;
T_6 ;
    %wait E_0x562a70a9b940;
    %load/vec4 v0x562a70a9ba00_0;
    %pad/u 32;
    %cmpi/e 5, 0, 32;
    %jmp/0xz  T_6.0, 4;
    %pushi/vec4 1, 0, 1;
    %store/vec4 v0x562a70a9bd50_0, 0, 1;
    %jmp T_6.1;
T_6.0 ;
    %pushi/vec4 0, 0, 1;
    %store/vec4 v0x562a70a9bd50_0, 0, 1;
T_6.1 ;
    %jmp T_6;
    .thread T_6, $push;
    .scope S_0x562a70a9ce70;
T_7 ;
    %wait E_0x562a70a9ad50;
    %load/vec4 v0x562a70a9dcc0_0;
    %flag_set/vec4 8;
    %jmp/0xz  T_7.0, 8;
    %pushi/vec4 0, 0, 4;
    %assign/vec4 v0x562a70a9d430_0, 0;
    %jmp T_7.1;
T_7.0 ;
    %load/vec4 v0x562a70a9d530_0;
    %assign/vec4 v0x562a70a9d430_0, 0;
T_7.1 ;
    %jmp T_7;
    .thread T_7;
    .scope S_0x562a70a9ce70;
T_8 ;
    %wait E_0x562a70a9d3c0;
    %load/vec4 v0x562a70a9d430_0;
    %dup/vec4;
    %pushi/vec4 0, 0, 4;
    %cmp/u;
    %jmp/1 T_8.0, 6;
    %dup/vec4;
    %pushi/vec4 1, 0, 4;
    %cmp/u;
    %jmp/1 T_8.1, 6;
    %dup/vec4;
    %pushi/vec4 3, 0, 4;
    %cmp/u;
    %jmp/1 T_8.2, 6;
    %dup/vec4;
    %pushi/vec4 7, 0, 4;
    %cmp/u;
    %jmp/1 T_8.3, 6;
    %dup/vec4;
    %pushi/vec4 15, 0, 4;
    %cmp/u;
    %jmp/1 T_8.4, 6;
    %pushi/vec4 0, 0, 4;
    %store/vec4 v0x562a70a9d530_0, 0, 4;
    %jmp T_8.6;
T_8.0 ;
    %load/vec4 v0x562a70a9db60_0;
    %flag_set/vec4 8;
    %jmp/0 T_8.7, 8;
    %pushi/vec4 1, 0, 4;
    %jmp/1 T_8.8, 8;
T_8.7 ; End of true expr.
    %pushi/vec4 0, 0, 4;
    %jmp/0 T_8.8, 8;
 ; End of false expr.
    %blend;
T_8.8;
    %store/vec4 v0x562a70a9d530_0, 0, 4;
    %jmp T_8.6;
T_8.1 ;
    %pushi/vec4 3, 0, 4;
    %store/vec4 v0x562a70a9d530_0, 0, 4;
    %jmp T_8.6;
T_8.2 ;
    %load/vec4 v0x562a70a9dd60_0;
    %flag_set/vec4 8;
    %jmp/0 T_8.9, 8;
    %pushi/vec4 7, 0, 4;
    %jmp/1 T_8.10, 8;
T_8.9 ; End of true expr.
    %load/vec4 v0x562a70a9da70_0;
    %flag_set/vec4 9;
    %jmp/0 T_8.11, 9;
    %pushi/vec4 15, 0, 4;
    %jmp/1 T_8.12, 9;
T_8.11 ; End of true expr.
    %pushi/vec4 3, 0, 4;
    %jmp/0 T_8.12, 9;
 ; End of false expr.
    %blend;
T_8.12;
    %jmp/0 T_8.10, 8;
 ; End of false expr.
    %blend;
T_8.10;
    %store/vec4 v0x562a70a9d530_0, 0, 4;
    %jmp T_8.6;
T_8.3 ;
    %load/vec4 v0x562a70a9da70_0;
    %flag_set/vec4 8;
    %jmp/0 T_8.13, 8;
    %pushi/vec4 15, 0, 4;
    %jmp/1 T_8.14, 8;
T_8.13 ; End of true expr.
    %pushi/vec4 3, 0, 4;
    %jmp/0 T_8.14, 8;
 ; End of false expr.
    %blend;
T_8.14;
    %store/vec4 v0x562a70a9d530_0, 0, 4;
    %jmp T_8.6;
T_8.4 ;
    %pushi/vec4 0, 0, 4;
    %store/vec4 v0x562a70a9d530_0, 0, 4;
    %jmp T_8.6;
T_8.6 ;
    %pop/vec4 1;
    %jmp T_8;
    .thread T_8, $push;
    .scope S_0x562a70a9ce70;
T_9 ;
    %wait E_0x562a70a80340;
    %load/vec4 v0x562a70a9d430_0;
    %cmpi/e 1, 0, 4;
    %flag_mov 8, 4;
    %jmp/0 T_9.0, 8;
    %pushi/vec4 1, 0, 1;
    %jmp/1 T_9.1, 8;
T_9.0 ; End of true expr.
    %pushi/vec4 0, 0, 1;
    %jmp/0 T_9.1, 8;
 ; End of false expr.
    %blend;
T_9.1;
    %store/vec4 v0x562a70a9d610_0, 0, 1;
    %load/vec4 v0x562a70a9d430_0;
    %cmpi/e 1, 0, 4;
    %flag_mov 8, 4;
    %jmp/0 T_9.2, 8;
    %pushi/vec4 1, 0, 1;
    %jmp/1 T_9.3, 8;
T_9.2 ; End of true expr.
    %pushi/vec4 0, 0, 1;
    %jmp/0 T_9.3, 8;
 ; End of false expr.
    %blend;
T_9.3;
    %store/vec4 v0x562a70a9de00_0, 0, 1;
    %load/vec4 v0x562a70a9d430_0;
    %cmpi/e 7, 0, 4;
    %flag_mov 8, 4;
    %jmp/0 T_9.4, 8;
    %pushi/vec4 1, 0, 1;
    %jmp/1 T_9.5, 8;
T_9.4 ; End of true expr.
    %pushi/vec4 0, 0, 1;
    %jmp/0 T_9.5, 8;
 ; End of false expr.
    %blend;
T_9.5;
    %store/vec4 v0x562a70a9d980_0, 0, 1;
    %load/vec4 v0x562a70a9d430_0;
    %cmpi/e 7, 0, 4;
    %flag_mov 8, 4;
    %jmp/0 T_9.6, 8;
    %pushi/vec4 1, 0, 1;
    %jmp/1 T_9.7, 8;
T_9.6 ; End of true expr.
    %pushi/vec4 0, 0, 1;
    %jmp/0 T_9.7, 8;
 ; End of false expr.
    %blend;
T_9.7;
    %store/vec4 v0x562a70a9d7d0_0, 0, 1;
    %load/vec4 v0x562a70a9d430_0;
    %cmpi/e 15, 0, 4;
    %flag_mov 8, 4;
    %jmp/0 T_9.8, 8;
    %pushi/vec4 1, 0, 1;
    %jmp/1 T_9.9, 8;
T_9.8 ; End of true expr.
    %pushi/vec4 0, 0, 1;
    %jmp/0 T_9.9, 8;
 ; End of false expr.
    %blend;
T_9.9;
    %store/vec4 v0x562a70a9dc20_0, 0, 1;
    %load/vec4 v0x562a70a9d430_0;
    %dup/vec4;
    %pushi/vec4 0, 0, 4;
    %cmp/u;
    %jmp/1 T_9.10, 6;
    %dup/vec4;
    %pushi/vec4 1, 0, 4;
    %cmp/u;
    %jmp/1 T_9.11, 6;
    %dup/vec4;
    %pushi/vec4 3, 0, 4;
    %cmp/u;
    %jmp/1 T_9.12, 6;
    %dup/vec4;
    %pushi/vec4 7, 0, 4;
    %cmp/u;
    %jmp/1 T_9.13, 6;
    %dup/vec4;
    %pushi/vec4 15, 0, 4;
    %cmp/u;
    %jmp/1 T_9.14, 6;
    %pushi/vec4 14, 0, 4;
    %store/vec4 v0x562a70a9d8c0_0, 0, 4;
    %jmp T_9.16;
T_9.10 ;
    %pushi/vec4 0, 0, 4;
    %store/vec4 v0x562a70a9d8c0_0, 0, 4;
    %jmp T_9.16;
T_9.11 ;
    %pushi/vec4 1, 0, 4;
    %store/vec4 v0x562a70a9d8c0_0, 0, 4;
    %jmp T_9.16;
T_9.12 ;
    %pushi/vec4 3, 0, 4;
    %store/vec4 v0x562a70a9d8c0_0, 0, 4;
    %jmp T_9.16;
T_9.13 ;
    %pushi/vec4 7, 0, 4;
    %store/vec4 v0x562a70a9d8c0_0, 0, 4;
    %jmp T_9.16;
T_9.14 ;
    %pushi/vec4 15, 0, 4;
    %store/vec4 v0x562a70a9d8c0_0, 0, 4;
    %jmp T_9.16;
T_9.16 ;
    %pop/vec4 1;
    %jmp T_9;
    .thread T_9, $push;
    .scope S_0x562a70a9e0b0;
T_10 ;
    %wait E_0x562a70a9e510;
    %load/vec4 v0x562a70a9e960_0;
    %flag_set/vec4 8;
    %jmp/0xz  T_10.0, 8;
    %pushi/vec4 0, 0, 9;
    %assign/vec4 v0x562a70a9e570_0, 0;
    %jmp T_10.1;
T_10.0 ;
    %load/vec4 v0x562a70a9e670_0;
    %flag_set/vec4 8;
    %jmp/0xz  T_10.2, 8;
    %load/vec4 v0x562a70a9ea00_0;
    %flag_set/vec4 8;
    %jmp/0xz  T_10.4, 8;
    %pushi/vec4 0, 0, 9;
    %assign/vec4 v0x562a70a9e570_0, 0;
    %jmp T_10.5;
T_10.4 ;
    %load/vec4 v0x562a70a9e730_0;
    %flag_set/vec4 8;
    %jmp/0xz  T_10.6, 8;
    %load/vec4 v0x562a70a9e570_0;
    %pad/u 32;
    %cmpi/e 433, 0, 32;
    %jmp/0xz  T_10.8, 4;
    %pushi/vec4 0, 0, 9;
    %assign/vec4 v0x562a70a9e570_0, 0;
    %jmp T_10.9;
T_10.8 ;
    %load/vec4 v0x562a70a9e570_0;
    %addi 1, 0, 9;
    %assign/vec4 v0x562a70a9e570_0, 0;
T_10.9 ;
T_10.6 ;
T_10.5 ;
T_10.2 ;
T_10.1 ;
    %jmp T_10;
    .thread T_10;
    .scope S_0x562a70a9e0b0;
T_11 ;
    %wait E_0x562a70a9e4b0;
    %load/vec4 v0x562a70a9e570_0;
    %pad/u 32;
    %cmpi/e 433, 0, 32;
    %jmp/0xz  T_11.0, 4;
    %pushi/vec4 1, 0, 1;
    %store/vec4 v0x562a70a9e7d0_0, 0, 1;
    %jmp T_11.1;
T_11.0 ;
    %pushi/vec4 0, 0, 1;
    %store/vec4 v0x562a70a9e7d0_0, 0, 1;
T_11.1 ;
    %jmp T_11;
    .thread T_11, $push;
    .scope S_0x562a70a9e0b0;
T_12 ;
    %wait E_0x562a70a9e4b0;
    %load/vec4 v0x562a70a9e570_0;
    %pad/u 32;
    %cmpi/e 216, 0, 32;
    %jmp/0xz  T_12.0, 4;
    %pushi/vec4 1, 0, 1;
    %store/vec4 v0x562a70a9e870_0, 0, 1;
    %jmp T_12.1;
T_12.0 ;
    %pushi/vec4 0, 0, 1;
    %store/vec4 v0x562a70a9e870_0, 0, 1;
T_12.1 ;
    %jmp T_12;
    .thread T_12, $push;
    .scope S_0x562a70aa09a0;
T_13 ;
    %wait E_0x562a70aa1970;
    %load/vec4 v0x562a70aa1ff0_0;
    %flag_set/vec4 8;
    %jmp/0xz  T_13.0, 8;
    %pushi/vec4 0, 0, 5;
    %assign/vec4 v0x562a70aa19d0_0, 0;
    %jmp T_13.1;
T_13.0 ;
    %load/vec4 v0x562a70aa1ad0_0;
    %assign/vec4 v0x562a70aa19d0_0, 0;
T_13.1 ;
    %jmp T_13;
    .thread T_13;
    .scope S_0x562a70aa09a0;
T_14 ;
    %wait E_0x562a70aa1910;
    %load/vec4 v0x562a70aa19d0_0;
    %dup/vec4;
    %pushi/vec4 0, 0, 5;
    %cmp/u;
    %jmp/1 T_14.0, 6;
    %dup/vec4;
    %pushi/vec4 1, 0, 5;
    %cmp/u;
    %jmp/1 T_14.1, 6;
    %dup/vec4;
    %pushi/vec4 2, 0, 5;
    %cmp/u;
    %jmp/1 T_14.2, 6;
    %dup/vec4;
    %pushi/vec4 3, 0, 5;
    %cmp/u;
    %jmp/1 T_14.3, 6;
    %dup/vec4;
    %pushi/vec4 4, 0, 5;
    %cmp/u;
    %jmp/1 T_14.4, 6;
    %dup/vec4;
    %pushi/vec4 5, 0, 5;
    %cmp/u;
    %jmp/1 T_14.5, 6;
    %dup/vec4;
    %pushi/vec4 6, 0, 5;
    %cmp/u;
    %jmp/1 T_14.6, 6;
    %dup/vec4;
    %pushi/vec4 7, 0, 5;
    %cmp/u;
    %jmp/1 T_14.7, 6;
    %dup/vec4;
    %pushi/vec4 8, 0, 5;
    %cmp/u;
    %jmp/1 T_14.8, 6;
    %dup/vec4;
    %pushi/vec4 9, 0, 5;
    %cmp/u;
    %jmp/1 T_14.9, 6;
    %dup/vec4;
    %pushi/vec4 10, 0, 5;
    %cmp/u;
    %jmp/1 T_14.10, 6;
    %dup/vec4;
    %pushi/vec4 11, 0, 5;
    %cmp/u;
    %jmp/1 T_14.11, 6;
    %dup/vec4;
    %pushi/vec4 12, 0, 5;
    %cmp/u;
    %jmp/1 T_14.12, 6;
    %dup/vec4;
    %pushi/vec4 13, 0, 5;
    %cmp/u;
    %jmp/1 T_14.13, 6;
    %dup/vec4;
    %pushi/vec4 14, 0, 5;
    %cmp/u;
    %jmp/1 T_14.14, 6;
    %dup/vec4;
    %pushi/vec4 15, 0, 5;
    %cmp/u;
    %jmp/1 T_14.15, 6;
    %dup/vec4;
    %pushi/vec4 16, 0, 5;
    %cmp/u;
    %jmp/1 T_14.16, 6;
    %dup/vec4;
    %pushi/vec4 17, 0, 5;
    %cmp/u;
    %jmp/1 T_14.17, 6;
    %pushi/vec4 0, 0, 5;
    %store/vec4 v0x562a70aa1ad0_0, 0, 5;
    %jmp T_14.19;
T_14.0 ;
    %load/vec4 v0x562a70aa1e60_0;
    %flag_set/vec4 8;
    %jmp/0 T_14.20, 8;
    %pushi/vec4 1, 0, 5;
    %jmp/1 T_14.21, 8;
T_14.20 ; End of true expr.
    %pushi/vec4 0, 0, 5;
    %jmp/0 T_14.21, 8;
 ; End of false expr.
    %blend;
T_14.21;
    %store/vec4 v0x562a70aa1ad0_0, 0, 5;
    %jmp T_14.19;
T_14.1 ;
    %pushi/vec4 2, 0, 5;
    %store/vec4 v0x562a70aa1ad0_0, 0, 5;
    %jmp T_14.19;
T_14.2 ;
    %load/vec4 v0x562a70aa1d90_0;
    %flag_set/vec4 8;
    %jmp/0 T_14.22, 8;
    %pushi/vec4 3, 0, 5;
    %jmp/1 T_14.23, 8;
T_14.22 ; End of true expr.
    %pushi/vec4 2, 0, 5;
    %jmp/0 T_14.23, 8;
 ; End of false expr.
    %blend;
T_14.23;
    %store/vec4 v0x562a70aa1ad0_0, 0, 5;
    %jmp T_14.19;
T_14.3 ;
    %pushi/vec4 4, 0, 5;
    %store/vec4 v0x562a70aa1ad0_0, 0, 5;
    %jmp T_14.19;
T_14.4 ;
    %load/vec4 v0x562a70aa1d90_0;
    %flag_set/vec4 8;
    %jmp/0 T_14.24, 8;
    %pushi/vec4 5, 0, 5;
    %jmp/1 T_14.25, 8;
T_14.24 ; End of true expr.
    %pushi/vec4 4, 0, 5;
    %jmp/0 T_14.25, 8;
 ; End of false expr.
    %blend;
T_14.25;
    %store/vec4 v0x562a70aa1ad0_0, 0, 5;
    %jmp T_14.19;
T_14.5 ;
    %pushi/vec4 6, 0, 5;
    %store/vec4 v0x562a70aa1ad0_0, 0, 5;
    %jmp T_14.19;
T_14.6 ;
    %load/vec4 v0x562a70aa1d90_0;
    %flag_set/vec4 8;
    %jmp/0 T_14.26, 8;
    %pushi/vec4 7, 0, 5;
    %jmp/1 T_14.27, 8;
T_14.26 ; End of true expr.
    %pushi/vec4 6, 0, 5;
    %jmp/0 T_14.27, 8;
 ; End of false expr.
    %blend;
T_14.27;
    %store/vec4 v0x562a70aa1ad0_0, 0, 5;
    %jmp T_14.19;
T_14.7 ;
    %pushi/vec4 8, 0, 5;
    %store/vec4 v0x562a70aa1ad0_0, 0, 5;
    %jmp T_14.19;
T_14.8 ;
    %load/vec4 v0x562a70aa1d90_0;
    %flag_set/vec4 8;
    %jmp/0 T_14.28, 8;
    %pushi/vec4 9, 0, 5;
    %jmp/1 T_14.29, 8;
T_14.28 ; End of true expr.
    %pushi/vec4 8, 0, 5;
    %jmp/0 T_14.29, 8;
 ; End of false expr.
    %blend;
T_14.29;
    %store/vec4 v0x562a70aa1ad0_0, 0, 5;
    %jmp T_14.19;
T_14.9 ;
    %pushi/vec4 10, 0, 5;
    %store/vec4 v0x562a70aa1ad0_0, 0, 5;
    %jmp T_14.19;
T_14.10 ;
    %load/vec4 v0x562a70aa1d90_0;
    %flag_set/vec4 8;
    %jmp/0 T_14.30, 8;
    %pushi/vec4 11, 0, 5;
    %jmp/1 T_14.31, 8;
T_14.30 ; End of true expr.
    %pushi/vec4 10, 0, 5;
    %jmp/0 T_14.31, 8;
 ; End of false expr.
    %blend;
T_14.31;
    %store/vec4 v0x562a70aa1ad0_0, 0, 5;
    %jmp T_14.19;
T_14.11 ;
    %pushi/vec4 12, 0, 5;
    %store/vec4 v0x562a70aa1ad0_0, 0, 5;
    %jmp T_14.19;
T_14.12 ;
    %load/vec4 v0x562a70aa1d90_0;
    %flag_set/vec4 8;
    %jmp/0 T_14.32, 8;
    %pushi/vec4 13, 0, 5;
    %jmp/1 T_14.33, 8;
T_14.32 ; End of true expr.
    %pushi/vec4 12, 0, 5;
    %jmp/0 T_14.33, 8;
 ; End of false expr.
    %blend;
T_14.33;
    %store/vec4 v0x562a70aa1ad0_0, 0, 5;
    %jmp T_14.19;
T_14.13 ;
    %pushi/vec4 14, 0, 5;
    %store/vec4 v0x562a70aa1ad0_0, 0, 5;
    %jmp T_14.19;
T_14.14 ;
    %load/vec4 v0x562a70aa1d90_0;
    %flag_set/vec4 8;
    %jmp/0 T_14.34, 8;
    %pushi/vec4 15, 0, 5;
    %jmp/1 T_14.35, 8;
T_14.34 ; End of true expr.
    %pushi/vec4 14, 0, 5;
    %jmp/0 T_14.35, 8;
 ; End of false expr.
    %blend;
T_14.35;
    %store/vec4 v0x562a70aa1ad0_0, 0, 5;
    %jmp T_14.19;
T_14.15 ;
    %pushi/vec4 16, 0, 5;
    %store/vec4 v0x562a70aa1ad0_0, 0, 5;
    %jmp T_14.19;
T_14.16 ;
    %load/vec4 v0x562a70aa1d90_0;
    %flag_set/vec4 8;
    %jmp/0 T_14.36, 8;
    %pushi/vec4 17, 0, 5;
    %jmp/1 T_14.37, 8;
T_14.36 ; End of true expr.
    %pushi/vec4 16, 0, 5;
    %jmp/0 T_14.37, 8;
 ; End of false expr.
    %blend;
T_14.37;
    %store/vec4 v0x562a70aa1ad0_0, 0, 5;
    %jmp T_14.19;
T_14.17 ;
    %pushi/vec4 0, 0, 5;
    %store/vec4 v0x562a70aa1ad0_0, 0, 5;
    %jmp T_14.19;
T_14.19 ;
    %pop/vec4 1;
    %jmp T_14;
    .thread T_14, $push;
    .scope S_0x562a70aa09a0;
T_15 ;
    %wait E_0x562a70aa18b0;
    %load/vec4 v0x562a70aa19d0_0;
    %cmpi/e 1, 0, 5;
    %flag_mov 8, 4;
    %load/vec4 v0x562a70aa19d0_0;
    %cmpi/e 3, 0, 5;
    %flag_or 4, 8;
    %flag_mov 8, 4;
    %load/vec4 v0x562a70aa19d0_0;
    %cmpi/e 5, 0, 5;
    %flag_or 4, 8;
    %flag_mov 8, 4;
    %load/vec4 v0x562a70aa19d0_0;
    %cmpi/e 7, 0, 5;
    %flag_or 4, 8;
    %flag_mov 8, 4;
    %load/vec4 v0x562a70aa19d0_0;
    %cmpi/e 9, 0, 5;
    %flag_or 4, 8;
    %flag_mov 8, 4;
    %load/vec4 v0x562a70aa19d0_0;
    %cmpi/e 11, 0, 5;
    %flag_or 4, 8;
    %flag_mov 8, 4;
    %load/vec4 v0x562a70aa19d0_0;
    %cmpi/e 13, 0, 5;
    %flag_or 4, 8;
    %flag_mov 8, 4;
    %load/vec4 v0x562a70aa19d0_0;
    %cmpi/e 15, 0, 5;
    %flag_or 4, 8;
    %flag_mov 8, 4;
    %jmp/0 T_15.0, 8;
    %pushi/vec4 1, 0, 1;
    %jmp/1 T_15.1, 8;
T_15.0 ; End of true expr.
    %pushi/vec4 0, 0, 1;
    %jmp/0 T_15.1, 8;
 ; End of false expr.
    %blend;
T_15.1;
    %store/vec4 v0x562a70aa2090_0, 0, 1;
    %load/vec4 v0x562a70aa19d0_0;
    %cmpi/e 17, 0, 5;
    %flag_mov 8, 4;
    %jmp/0 T_15.2, 8;
    %pushi/vec4 1, 0, 1;
    %jmp/1 T_15.3, 8;
T_15.2 ; End of true expr.
    %pushi/vec4 0, 0, 1;
    %jmp/0 T_15.3, 8;
 ; End of false expr.
    %blend;
T_15.3;
    %store/vec4 v0x562a70aa1f50_0, 0, 1;
    %jmp T_15;
    .thread T_15, $push;
    .scope S_0x562a70a6c3b0;
T_16 ;
    %delay 10, 0;
    %load/vec4 v0x562a70aa35d0_0;
    %inv;
    %store/vec4 v0x562a70aa35d0_0, 0, 1;
    %jmp T_16;
    .thread T_16;
    .scope S_0x562a70a6c3b0;
T_17 ;
    %vpi_call 2 39 "$display", "Inicio das simulacoes" {0 0 0};
    %vpi_call 2 40 "$dumpfile", "vvp/transmissor_ascii_tb.vcd" {0 0 0};
    %vpi_call 2 41 "$dumpvars", 32'sb00000000000000000000000000000000, S_0x562a70a6c3b0 {0 0 0};
    %pushi/vec4 49, 0, 7;
    %store/vec4 v0x562a70aa3400_0, 0, 7;
    %pushi/vec4 52, 0, 7;
    %store/vec4 v0x562a70aa3710_0, 0, 7;
    %pushi/vec4 55, 0, 7;
    %store/vec4 v0x562a70aa3b50_0, 0, 7;
    %pushi/vec4 44, 0, 7;
    %store/vec4 v0x562a70aa31a0_0, 0, 7;
    %pushi/vec4 50, 0, 7;
    %store/vec4 v0x562a70aa34c0_0, 0, 7;
    %pushi/vec4 56, 0, 7;
    %store/vec4 v0x562a70aa37d0_0, 0, 7;
    %pushi/vec4 55, 0, 7;
    %store/vec4 v0x562a70aa3c10_0, 0, 7;
    %pushi/vec4 35, 0, 7;
    %store/vec4 v0x562a70aa3280_0, 0, 7;
    %pushi/vec4 0, 0, 1;
    %store/vec4 v0x562a70aa3920_0, 0, 1;
    %pushi/vec4 0, 0, 1;
    %store/vec4 v0x562a70aa35d0_0, 0, 1;
    %pushi/vec4 0, 0, 32;
    %store/vec4 v0x562a70aa3340_0, 0, 32;
    %delay 40, 0;
    %pushi/vec4 1, 0, 1;
    %store/vec4 v0x562a70aa3ab0_0, 0, 1;
    %delay 2000, 0;
    %pushi/vec4 0, 0, 1;
    %store/vec4 v0x562a70aa3ab0_0, 0, 1;
    %wait E_0x562a70a11af0;
    %pushi/vec4 1, 0, 1;
    %store/vec4 v0x562a70aa3920_0, 0, 1;
    %delay 40, 0;
    %pushi/vec4 0, 0, 1;
    %store/vec4 v0x562a70aa3920_0, 0, 1;
T_17.0 ;
    %load/vec4 v0x562a70aa39c0_0;
    %pushi/vec4 1, 0, 1;
    %cmp/e;
    %flag_get/vec4 4;
    %cmpi/ne 1, 0, 1;
    %jmp/0xz T_17.1, 6;
    %wait E_0x562a70a41d60;
    %jmp T_17.0;
T_17.1 ;
    %vpi_call 2 69 "$display", "Fim do caso teste" {0 0 0};
    %delay 2000, 0;
    %vpi_call 2 72 "$stop" {0 0 0};
    %end;
    .thread T_17;
# The file index is used to find the file name in the following table.
:file_names 12;
    "N/A";
    "<interactive>";
    "transmissor_ascii_tb.v";
    "transmissor_ascii.v";
    "transmissor_ascii_fd.v";
    "contador_m.v";
    "mux_8x1_n.v";
    "tx_serial_7O1.v";
    "tx_serial_7O1_fd.v";
    "deslocador_n.v";
    "tx_serial_uc.v";
    "transmissor_ascii_uc.v";
