Flow report for exp_4_trena_digital
Sat Sep 21 18:08:51 2024
Quartus Prime Version 20.1.1 Build 720 11/11/2020 SJ Lite Edition


---------------------
; Table of Contents ;
---------------------
  1. Legal Notice
  2. Flow Summary
  3. Flow Settings
  4. Flow Non-Default Global Settings
  5. Flow Elapsed Time
  6. Flow OS Summary
  7. Flow Log
  8. Flow Messages
  9. Flow Suppressed Messages



----------------
; Legal Notice ;
----------------
Copyright (C) 2020  Intel Corporation. All rights reserved.
Your use of Intel Corporation's design tools, logic functions 
and other software and tools, and any partner logic 
functions, and any output files from any of the foregoing 
(including device programming or simulation files), and any 
associated documentation or information are expressly subject 
to the terms and conditions of the Intel Program License 
Subscription Agreement, the Intel Quartus Prime License Agreement,
the Intel FPGA IP License Agreement, or other applicable license
agreement, including, without limitation, that your use is for
the sole purpose of programming logic devices manufactured by
Intel and sold by Intel or its authorized distributors.  Please
refer to the applicable agreement for further details, at
https://fpgasoftware.intel.com/eula.



+-------------------------------------------------------------------------------+
; Flow Summary                                                                  ;
+---------------------------------+---------------------------------------------+
; Flow Status                     ; Successful - Sat Sep 21 18:08:51 2024       ;
; Quartus Prime Version           ; 20.1.1 Build 720 11/11/2020 SJ Lite Edition ;
; Revision Name                   ; exp_4_trena_digital                         ;
; Top-level Entity Name           ; exp4_trena                                  ;
; Family                          ; Cyclone V                                   ;
; Device                          ; 5CEBA4F23C7                                 ;
; Timing Models                   ; Final                                       ;
; Logic utilization (in ALMs)     ; 111 / 18,480 ( < 1 % )                      ;
; Total registers                 ; 153                                         ;
; Total pins                      ; 39 / 224 ( 17 % )                           ;
; Total virtual pins              ; 0                                           ;
; Total block memory bits         ; 0 / 3,153,920 ( 0 % )                       ;
; Total DSP Blocks                ; 0 / 66 ( 0 % )                              ;
; Total HSSI RX PCSs              ; 0                                           ;
; Total HSSI PMA RX Deserializers ; 0                                           ;
; Total HSSI TX PCSs              ; 0                                           ;
; Total HSSI PMA TX Serializers   ; 0                                           ;
; Total PLLs                      ; 0 / 4 ( 0 % )                               ;
; Total DLLs                      ; 0 / 4 ( 0 % )                               ;
+---------------------------------+---------------------------------------------+


+-----------------------------------------+
; Flow Settings                           ;
+-------------------+---------------------+
; Option            ; Setting             ;
+-------------------+---------------------+
; Start date & time ; 09/21/2024 18:07:50 ;
; Main task         ; Compilation         ;
; Revision Name     ; exp_4_trena_digital ;
+-------------------+---------------------+


+------------------------------------------------------------------------------------------------------------------------------------------------------+
; Flow Non-Default Global Settings                                                                                                                     ;
+-------------------------------------+----------------------------------------+---------------------+-------------+-----------------------------------+
; Assignment Name                     ; Value                                  ; Default Value       ; Entity Name ; Section Id                        ;
+-------------------------------------+----------------------------------------+---------------------+-------------+-----------------------------------+
; COMPILER_SIGNATURE_ID               ; 247207021490414.172695287042428        ; --                  ; --          ; --                                ;
; EDA_GENERATE_FUNCTIONAL_NETLIST     ; Off                                    ; --                  ; --          ; eda_board_design_timing           ;
; EDA_GENERATE_FUNCTIONAL_NETLIST     ; Off                                    ; --                  ; --          ; eda_board_design_boundary_scan    ;
; EDA_GENERATE_FUNCTIONAL_NETLIST     ; Off                                    ; --                  ; --          ; eda_board_design_signal_integrity ;
; EDA_GENERATE_FUNCTIONAL_NETLIST     ; Off                                    ; --                  ; --          ; eda_board_design_symbol           ;
; EDA_OUTPUT_DATA_FORMAT              ; Verilog Hdl                            ; --                  ; --          ; eda_simulation                    ;
; EDA_SIMULATION_TOOL                 ; ModelSim-Altera (Verilog)              ; <None>              ; --          ; --                                ;
; EDA_TIME_SCALE                      ; 1 ps                                   ; --                  ; --          ; eda_simulation                    ;
; MAX_CORE_JUNCTION_TEMP              ; 85                                     ; --                  ; --          ; --                                ;
; MIN_CORE_JUNCTION_TEMP              ; 0                                      ; --                  ; --          ; --                                ;
; PARTITION_COLOR                     ; -- (Not supported for targeted family) ; --                  ; exp4_trena  ; Top                               ;
; PARTITION_FITTER_PRESERVATION_LEVEL ; -- (Not supported for targeted family) ; --                  ; exp4_trena  ; Top                               ;
; PARTITION_NETLIST_TYPE              ; -- (Not supported for targeted family) ; --                  ; exp4_trena  ; Top                               ;
; PROJECT_OUTPUT_DIRECTORY            ; output_files                           ; --                  ; --          ; --                                ;
; TOP_LEVEL_ENTITY                    ; exp4_trena                             ; exp_4_trena_digital ; --          ; --                                ;
+-------------------------------------+----------------------------------------+---------------------+-------------+-----------------------------------+


+--------------------------------------------------------------------------------------------------------------------------+
; Flow Elapsed Time                                                                                                        ;
+----------------------+--------------+-------------------------+---------------------+------------------------------------+
; Module Name          ; Elapsed Time ; Average Processors Used ; Peak Virtual Memory ; Total CPU Time (on all processors) ;
+----------------------+--------------+-------------------------+---------------------+------------------------------------+
; Analysis & Synthesis ; 00:00:09     ; 1.0                     ; 464 MB              ; 00:00:16                           ;
; Fitter               ; 00:00:36     ; 1.1                     ; 1549 MB             ; 00:00:56                           ;
; Assembler            ; 00:00:06     ; 1.0                     ; 489 MB              ; 00:00:06                           ;
; Timing Analyzer      ; 00:00:04     ; 1.2                     ; 760 MB              ; 00:00:05                           ;
; EDA Netlist Writer   ; 00:00:01     ; 1.0                     ; 671 MB              ; 00:00:01                           ;
; Total                ; 00:00:56     ; --                      ; --                  ; 00:01:24                           ;
+----------------------+--------------+-------------------------+---------------------+------------------------------------+


+-------------------------------------------------------------------------------------+
; Flow OS Summary                                                                     ;
+----------------------+-------------------+------------+------------+----------------+
; Module Name          ; Machine Hostname  ; OS Name    ; OS Version ; Processor type ;
+----------------------+-------------------+------------+------------+----------------+
; Analysis & Synthesis ; vpspepe-H310M-DS2 ; Linux Mint ; 21         ; x86_64         ;
; Fitter               ; vpspepe-H310M-DS2 ; Linux Mint ; 21         ; x86_64         ;
; Assembler            ; vpspepe-H310M-DS2 ; Linux Mint ; 21         ; x86_64         ;
; Timing Analyzer      ; vpspepe-H310M-DS2 ; Linux Mint ; 21         ; x86_64         ;
; EDA Netlist Writer   ; vpspepe-H310M-DS2 ; Linux Mint ; 21         ; x86_64         ;
+----------------------+-------------------+------------+------------+----------------+


------------
; Flow Log ;
------------
quartus_map --read_settings_files=on --write_settings_files=off exp_4_trena_digital -c exp_4_trena_digital
quartus_fit --read_settings_files=off --write_settings_files=off exp_4_trena_digital -c exp_4_trena_digital
quartus_asm --read_settings_files=off --write_settings_files=off exp_4_trena_digital -c exp_4_trena_digital
quartus_sta exp_4_trena_digital -c exp_4_trena_digital
quartus_eda --read_settings_files=off --write_settings_files=off exp_4_trena_digital -c exp_4_trena_digital



