Analysis & Synthesis report for tx_serial_7O1
Sun Sep  8 19:52:17 2024
Quartus Prime Version 20.1.1 Build 720 11/11/2020 SJ Lite Edition


---------------------
; Table of Contents ;
---------------------
  1. Legal Notice
  2. Analysis & Synthesis Summary
  3. Analysis & Synthesis Settings
  4. Parallel Compilation
  5. Analysis & Synthesis Source Files Read
  6. Analysis & Synthesis Resource Usage Summary
  7. Analysis & Synthesis Resource Utilization by Entity
  8. State Machine - |tx_serial_7O1|tx_serial_uc:U2_UC|Eatual
  9. Registers Removed During Synthesis
 10. General Register Statistics
 11. Inverted Register Statistics
 12. Multiplexer Restructuring Statistics (Restructuring Performed)
 13. Parameter Settings for User Entity Instance: tx_serial_7O1_fd:U1_FD|deslocador_n:U1
 14. Parameter Settings for User Entity Instance: tx_serial_7O1_fd:U1_FD|contador_m:U2
 15. Parameter Settings for User Entity Instance: tx_serial_uc:U2_UC
 16. Parameter Settings for User Entity Instance: contador_m:U3_TICK
 17. Port Connectivity Checks: "contador_m:U3_TICK"
 18. Port Connectivity Checks: "tx_serial_7O1_fd:U1_FD|contador_m:U2"
 19. Port Connectivity Checks: "tx_serial_7O1_fd:U1_FD|deslocador_n:U1"
 20. Post-Synthesis Netlist Statistics for Top Partition
 21. Elapsed Time Per Partition
 22. Analysis & Synthesis Messages



----------------
; Legal Notice ;
----------------
Copyright (C) 2020  Intel Corporation. All rights reserved.
Your use of Intel Corporation's design tools, logic functions 
and other software and tools, and any partner logic 
functions, and any output files from any of the foregoing 
(including device programming or simulation files), and any 
associated documentation or information are expressly subject 
to the terms and conditions of the Intel Program License 
Subscription Agreement, the Intel Quartus Prime License Agreement,
the Intel FPGA IP License Agreement, or other applicable license
agreement, including, without limitation, that your use is for
the sole purpose of programming logic devices manufactured by
Intel and sold by Intel or its authorized distributors.  Please
refer to the applicable agreement for further details, at
https://fpgasoftware.intel.com/eula.



+-------------------------------------------------------------------------------+
; Analysis & Synthesis Summary                                                  ;
+---------------------------------+---------------------------------------------+
; Analysis & Synthesis Status     ; Successful - Sun Sep  8 19:52:17 2024       ;
; Quartus Prime Version           ; 20.1.1 Build 720 11/11/2020 SJ Lite Edition ;
; Revision Name                   ; tx_serial_7O1                               ;
; Top-level Entity Name           ; tx_serial_7O1                               ;
; Family                          ; Cyclone V                                   ;
; Logic utilization (in ALMs)     ; N/A                                         ;
; Total registers                 ; 30                                          ;
; Total pins                      ; 23                                          ;
; Total virtual pins              ; 0                                           ;
; Total block memory bits         ; 0                                           ;
; Total DSP Blocks                ; 0                                           ;
; Total HSSI RX PCSs              ; 0                                           ;
; Total HSSI PMA RX Deserializers ; 0                                           ;
; Total HSSI TX PCSs              ; 0                                           ;
; Total HSSI PMA TX Serializers   ; 0                                           ;
; Total PLLs                      ; 0                                           ;
; Total DLLs                      ; 0                                           ;
+---------------------------------+---------------------------------------------+


+---------------------------------------------------------------------------------------------------------------------------+
; Analysis & Synthesis Settings                                                                                             ;
+---------------------------------------------------------------------------------+--------------------+--------------------+
; Option                                                                          ; Setting            ; Default Value      ;
+---------------------------------------------------------------------------------+--------------------+--------------------+
; Device                                                                          ; 5CEBA4F23C7        ;                    ;
; Top-level entity name                                                           ; tx_serial_7O1      ; tx_serial_7O1      ;
; Family name                                                                     ; Cyclone V          ; Cyclone V          ;
; Use smart compilation                                                           ; Off                ; Off                ;
; Enable parallel Assembler and Timing Analyzer during compilation                ; On                 ; On                 ;
; Enable compact report table                                                     ; Off                ; Off                ;
; Restructure Multiplexers                                                        ; Auto               ; Auto               ;
; MLAB Add Timing Constraints For Mixed-Port Feed-Through Mode Setting Don't Care ; Off                ; Off                ;
; Create Debugging Nodes for IP Cores                                             ; Off                ; Off                ;
; Preserve fewer node names                                                       ; On                 ; On                 ;
; Intel FPGA IP Evaluation Mode                                                   ; Enable             ; Enable             ;
; Verilog Version                                                                 ; Verilog_2001       ; Verilog_2001       ;
; VHDL Version                                                                    ; VHDL_1993          ; VHDL_1993          ;
; State Machine Processing                                                        ; Auto               ; Auto               ;
; Safe State Machine                                                              ; Off                ; Off                ;
; Extract Verilog State Machines                                                  ; On                 ; On                 ;
; Extract VHDL State Machines                                                     ; On                 ; On                 ;
; Ignore Verilog initial constructs                                               ; Off                ; Off                ;
; Iteration limit for constant Verilog loops                                      ; 5000               ; 5000               ;
; Iteration limit for non-constant Verilog loops                                  ; 250                ; 250                ;
; Add Pass-Through Logic to Inferred RAMs                                         ; On                 ; On                 ;
; Infer RAMs from Raw Logic                                                       ; On                 ; On                 ;
; Parallel Synthesis                                                              ; On                 ; On                 ;
; DSP Block Balancing                                                             ; Auto               ; Auto               ;
; NOT Gate Push-Back                                                              ; On                 ; On                 ;
; Power-Up Don't Care                                                             ; On                 ; On                 ;
; Remove Redundant Logic Cells                                                    ; Off                ; Off                ;
; Remove Duplicate Registers                                                      ; On                 ; On                 ;
; Ignore CARRY Buffers                                                            ; Off                ; Off                ;
; Ignore CASCADE Buffers                                                          ; Off                ; Off                ;
; Ignore GLOBAL Buffers                                                           ; Off                ; Off                ;
; Ignore ROW GLOBAL Buffers                                                       ; Off                ; Off                ;
; Ignore LCELL Buffers                                                            ; Off                ; Off                ;
; Ignore SOFT Buffers                                                             ; On                 ; On                 ;
; Limit AHDL Integers to 32 Bits                                                  ; Off                ; Off                ;
; Optimization Technique                                                          ; Balanced           ; Balanced           ;
; Carry Chain Length                                                              ; 70                 ; 70                 ;
; Auto Carry Chains                                                               ; On                 ; On                 ;
; Auto Open-Drain Pins                                                            ; On                 ; On                 ;
; Perform WYSIWYG Primitive Resynthesis                                           ; Off                ; Off                ;
; Auto ROM Replacement                                                            ; On                 ; On                 ;
; Auto RAM Replacement                                                            ; On                 ; On                 ;
; Auto DSP Block Replacement                                                      ; On                 ; On                 ;
; Auto Shift Register Replacement                                                 ; Auto               ; Auto               ;
; Allow Shift Register Merging across Hierarchies                                 ; Auto               ; Auto               ;
; Auto Clock Enable Replacement                                                   ; On                 ; On                 ;
; Strict RAM Replacement                                                          ; Off                ; Off                ;
; Allow Synchronous Control Signals                                               ; On                 ; On                 ;
; Force Use of Synchronous Clear Signals                                          ; Off                ; Off                ;
; Auto Resource Sharing                                                           ; Off                ; Off                ;
; Allow Any RAM Size For Recognition                                              ; Off                ; Off                ;
; Allow Any ROM Size For Recognition                                              ; Off                ; Off                ;
; Allow Any Shift Register Size For Recognition                                   ; Off                ; Off                ;
; Use LogicLock Constraints during Resource Balancing                             ; On                 ; On                 ;
; Ignore translate_off and synthesis_off directives                               ; Off                ; Off                ;
; Timing-Driven Synthesis                                                         ; On                 ; On                 ;
; Report Parameter Settings                                                       ; On                 ; On                 ;
; Report Source Assignments                                                       ; On                 ; On                 ;
; Report Connectivity Checks                                                      ; On                 ; On                 ;
; Ignore Maximum Fan-Out Assignments                                              ; Off                ; Off                ;
; Synchronization Register Chain Length                                           ; 3                  ; 3                  ;
; Power Optimization During Synthesis                                             ; Normal compilation ; Normal compilation ;
; HDL message level                                                               ; Level2             ; Level2             ;
; Suppress Register Optimization Related Messages                                 ; Off                ; Off                ;
; Number of Removed Registers Reported in Synthesis Report                        ; 5000               ; 5000               ;
; Number of Swept Nodes Reported in Synthesis Report                              ; 5000               ; 5000               ;
; Number of Inverted Registers Reported in Synthesis Report                       ; 100                ; 100                ;
; Clock MUX Protection                                                            ; On                 ; On                 ;
; Auto Gated Clock Conversion                                                     ; Off                ; Off                ;
; Block Design Naming                                                             ; Auto               ; Auto               ;
; SDC constraint protection                                                       ; Off                ; Off                ;
; Synthesis Effort                                                                ; Auto               ; Auto               ;
; Shift Register Replacement - Allow Asynchronous Clear Signal                    ; On                 ; On                 ;
; Pre-Mapping Resynthesis Optimization                                            ; Off                ; Off                ;
; Analysis & Synthesis Message Level                                              ; Medium             ; Medium             ;
; Disable Register Merging Across Hierarchies                                     ; Auto               ; Auto               ;
; Resource Aware Inference For Block RAM                                          ; On                 ; On                 ;
; Automatic Parallel Synthesis                                                    ; On                 ; On                 ;
; Partial Reconfiguration Bitstream ID                                            ; Off                ; Off                ;
+---------------------------------------------------------------------------------+--------------------+--------------------+


+------------------------------------------+
; Parallel Compilation                     ;
+----------------------------+-------------+
; Processors                 ; Number      ;
+----------------------------+-------------+
; Number detected on machine ; 4           ;
; Maximum allowed            ; 4           ;
;                            ;             ;
; Average used               ; 1.00        ;
; Maximum used               ; 4           ;
;                            ;             ;
; Usage by Processor         ; % Time Used ;
;     Processor 1            ; 100.0%      ;
;     Processors 2-4         ;   0.0%      ;
+----------------------------+-------------+


+------------------------------------------------------------------------------------------------------------------------------------------------------------------------------+
; Analysis & Synthesis Source Files Read                                                                                                                                       ;
+----------------------------------+-----------------+------------------------+--------------------------------------------------------------------------------------+---------+
; File Name with User-Entered Path ; Used in Netlist ; File Type              ; File Name with Absolute Path                                                         ; Library ;
+----------------------------------+-----------------+------------------------+--------------------------------------------------------------------------------------+---------+
; tx_serial_7O1_fd.v               ; yes             ; User Verilog HDL File  ; /home/victor/Documentos/USP/LABDIG2/LabDig2/Semana2/tx_serial_7O1/tx_serial_7O1_fd.v ;         ;
; tx_serial_7O1.v                  ; yes             ; User Verilog HDL File  ; /home/victor/Documentos/USP/LABDIG2/LabDig2/Semana2/tx_serial_7O1/tx_serial_7O1.v    ;         ;
; hexa7seg.v                       ; yes             ; User Verilog HDL File  ; /home/victor/Documentos/USP/LABDIG2/LabDig2/Semana2/tx_serial_7O1/hexa7seg.v         ;         ;
; edge_detector.v                  ; yes             ; User Verilog HDL File  ; /home/victor/Documentos/USP/LABDIG2/LabDig2/Semana2/tx_serial_7O1/edge_detector.v    ;         ;
; deslocador_n.v                   ; yes             ; User Verilog HDL File  ; /home/victor/Documentos/USP/LABDIG2/LabDig2/Semana2/tx_serial_7O1/deslocador_n.v     ;         ;
; contador_m.v                     ; yes             ; User Verilog HDL File  ; /home/victor/Documentos/USP/LABDIG2/LabDig2/Semana2/tx_serial_7O1/contador_m.v       ;         ;
; tx_serial_uc.v                   ; yes             ; User Verilog HDL File  ; /home/victor/Documentos/USP/LABDIG2/LabDig2/Semana2/tx_serial_7O1/tx_serial_uc.v     ;         ;
+----------------------------------+-----------------+------------------------+--------------------------------------------------------------------------------------+---------+


+-----------------------------------------------------------+
; Analysis & Synthesis Resource Usage Summary               ;
+---------------------------------------------+-------------+
; Resource                                    ; Usage       ;
+---------------------------------------------+-------------+
; Estimate of Logic utilization (ALMs needed) ; 22          ;
;                                             ;             ;
; Combinational ALUT usage for logic          ; 40          ;
;     -- 7 input functions                    ; 0           ;
;     -- 6 input functions                    ; 2           ;
;     -- 5 input functions                    ; 4           ;
;     -- 4 input functions                    ; 7           ;
;     -- <=3 input functions                  ; 27          ;
;                                             ;             ;
; Dedicated logic registers                   ; 30          ;
;                                             ;             ;
; I/O pins                                    ; 23          ;
;                                             ;             ;
; Total DSP Blocks                            ; 0           ;
;                                             ;             ;
; Maximum fan-out node                        ; clock~input ;
; Maximum fan-out                             ; 31          ;
; Total fan-out                               ; 261         ;
; Average fan-out                             ; 2.25        ;
+---------------------------------------------+-------------+


+--------------------------------------------------------------------------------------------------------------------------------------------------------------------------------------------------------------------------------+
; Analysis & Synthesis Resource Utilization by Entity                                                                                                                                                                            ;
+-----------------------------+---------------------+---------------------------+-------------------+------------+------+--------------+-------------------------------------------------------+------------------+--------------+
; Compilation Hierarchy Node  ; Combinational ALUTs ; Dedicated Logic Registers ; Block Memory Bits ; DSP Blocks ; Pins ; Virtual Pins ; Full Hierarchy Name                                   ; Entity Name      ; Library Name ;
+-----------------------------+---------------------+---------------------------+-------------------+------------+------+--------------+-------------------------------------------------------+------------------+--------------+
; |tx_serial_7O1              ; 40 (0)              ; 30 (0)                    ; 0                 ; 0          ; 23   ; 0            ; |tx_serial_7O1                                        ; tx_serial_7O1    ; work         ;
;    |contador_m:U3_TICK|     ; 13 (13)             ; 9 (9)                     ; 0                 ; 0          ; 0    ; 0            ; |tx_serial_7O1|contador_m:U3_TICK                     ; contador_m       ; work         ;
;    |edge_detector:U4_ED|    ; 0 (0)               ; 2 (2)                     ; 0                 ; 0          ; 0    ; 0            ; |tx_serial_7O1|edge_detector:U4_ED                    ; edge_detector    ; work         ;
;    |hexa7seg:HEX0|          ; 5 (5)               ; 0 (0)                     ; 0                 ; 0          ; 0    ; 0            ; |tx_serial_7O1|hexa7seg:HEX0                          ; hexa7seg         ; work         ;
;    |tx_serial_7O1_fd:U1_FD| ; 17 (1)              ; 14 (0)                    ; 0                 ; 0          ; 0    ; 0            ; |tx_serial_7O1|tx_serial_7O1_fd:U1_FD                 ; tx_serial_7O1_fd ; work         ;
;       |contador_m:U2|       ; 5 (5)               ; 4 (4)                     ; 0                 ; 0          ; 0    ; 0            ; |tx_serial_7O1|tx_serial_7O1_fd:U1_FD|contador_m:U2   ; contador_m       ; work         ;
;       |deslocador_n:U1|     ; 11 (11)             ; 10 (10)                   ; 0                 ; 0          ; 0    ; 0            ; |tx_serial_7O1|tx_serial_7O1_fd:U1_FD|deslocador_n:U1 ; deslocador_n     ; work         ;
;    |tx_serial_uc:U2_UC|     ; 5 (5)               ; 5 (5)                     ; 0                 ; 0          ; 0    ; 0            ; |tx_serial_7O1|tx_serial_uc:U2_UC                     ; tx_serial_uc     ; work         ;
+-----------------------------+---------------------+---------------------------+-------------------+------------+------+--------------+-------------------------------------------------------+------------------+--------------+
Note: For table entries with two numbers listed, the numbers in parentheses indicate the number of resources of the given type used by the specific entity alone. The numbers listed outside of parentheses indicate the total resources of the given type used by the specific entity and all of its sub-entities in the hierarchy.


Encoding Type:  One-Hot
+----------------------------------------------------------------------------------------------------------------+
; State Machine - |tx_serial_7O1|tx_serial_uc:U2_UC|Eatual                                                       ;
+--------------------+--------------------+---------------+-------------------+-----------------+----------------+
; Name               ; Eatual.transmissao ; Eatual.espera ; Eatual.preparacao ; Eatual.final_tx ; Eatual.inicial ;
+--------------------+--------------------+---------------+-------------------+-----------------+----------------+
; Eatual.inicial     ; 0                  ; 0             ; 0                 ; 0               ; 0              ;
; Eatual.preparacao  ; 0                  ; 0             ; 1                 ; 0               ; 1              ;
; Eatual.espera      ; 0                  ; 1             ; 0                 ; 0               ; 1              ;
; Eatual.transmissao ; 1                  ; 0             ; 0                 ; 0               ; 1              ;
; Eatual.final_tx    ; 0                  ; 0             ; 0                 ; 1               ; 1              ;
+--------------------+--------------------+---------------+-------------------+-----------------+----------------+


+----------------------------------------------------------------------------------------+
; Registers Removed During Synthesis                                                     ;
+-----------------------------------------------+----------------------------------------+
; Register name                                 ; Reason for Removal                     ;
+-----------------------------------------------+----------------------------------------+
; tx_serial_7O1_fd:U1_FD|deslocador_n:U1|IQ[10] ; Stuck at VCC due to stuck port data_in ;
; tx_serial_uc:U2_UC|Eatual~5                   ; Lost fanout                            ;
; tx_serial_uc:U2_UC|Eatual~6                   ; Lost fanout                            ;
; Total Number of Removed Registers = 3         ;                                        ;
+-----------------------------------------------+----------------------------------------+


+------------------------------------------------------+
; General Register Statistics                          ;
+----------------------------------------------+-------+
; Statistic                                    ; Value ;
+----------------------------------------------+-------+
; Total registers                              ; 30    ;
; Number of registers using Synchronous Clear  ; 9     ;
; Number of registers using Synchronous Load   ; 0     ;
; Number of registers using Asynchronous Clear ; 17    ;
; Number of registers using Asynchronous Load  ; 0     ;
; Number of registers using Clock Enable       ; 14    ;
; Number of registers using Preset             ; 0     ;
+----------------------------------------------+-------+


+--------------------------------------------------------+
; Inverted Register Statistics                           ;
+----------------------------------------------+---------+
; Inverted Register                            ; Fan out ;
+----------------------------------------------+---------+
; tx_serial_7O1_fd:U1_FD|deslocador_n:U1|IQ[0] ; 2       ;
; tx_serial_7O1_fd:U1_FD|deslocador_n:U1|IQ[1] ; 1       ;
; tx_serial_7O1_fd:U1_FD|deslocador_n:U1|IQ[2] ; 1       ;
; tx_serial_7O1_fd:U1_FD|deslocador_n:U1|IQ[3] ; 1       ;
; tx_serial_7O1_fd:U1_FD|deslocador_n:U1|IQ[4] ; 1       ;
; tx_serial_7O1_fd:U1_FD|deslocador_n:U1|IQ[5] ; 1       ;
; tx_serial_7O1_fd:U1_FD|deslocador_n:U1|IQ[6] ; 1       ;
; tx_serial_7O1_fd:U1_FD|deslocador_n:U1|IQ[7] ; 1       ;
; tx_serial_7O1_fd:U1_FD|deslocador_n:U1|IQ[8] ; 1       ;
; tx_serial_7O1_fd:U1_FD|deslocador_n:U1|IQ[9] ; 1       ;
; Total number of inverted registers = 10      ;         ;
+----------------------------------------------+---------+


+---------------------------------------------------------------------------------------------------------------------------------------------------------------------------+
; Multiplexer Restructuring Statistics (Restructuring Performed)                                                                                                            ;
+--------------------+-----------+---------------+----------------------+------------------------+------------+-------------------------------------------------------------+
; Multiplexer Inputs ; Bus Width ; Baseline Area ; Area if Restructured ; Saving if Restructured ; Registered ; Example Multiplexer Output                                  ;
+--------------------+-----------+---------------+----------------------+------------------------+------------+-------------------------------------------------------------+
; 3:1                ; 9 bits    ; 18 LEs        ; 0 LEs                ; 18 LEs                 ; Yes        ; |tx_serial_7O1|contador_m:U3_TICK|Q[8]                      ;
; 4:1                ; 4 bits    ; 8 LEs         ; 8 LEs                ; 0 LEs                  ; Yes        ; |tx_serial_7O1|tx_serial_7O1_fd:U1_FD|contador_m:U2|Q[0]    ;
; 3:1                ; 2 bits    ; 4 LEs         ; 2 LEs                ; 2 LEs                  ; Yes        ; |tx_serial_7O1|tx_serial_7O1_fd:U1_FD|deslocador_n:U1|IQ[0] ;
; 3:1                ; 8 bits    ; 16 LEs        ; 8 LEs                ; 8 LEs                  ; Yes        ; |tx_serial_7O1|tx_serial_7O1_fd:U1_FD|deslocador_n:U1|IQ[2] ;
+--------------------+-----------+---------------+----------------------+------------------------+------------+-------------------------------------------------------------+


+-------------------------------------------------------------------------------------+
; Parameter Settings for User Entity Instance: tx_serial_7O1_fd:U1_FD|deslocador_n:U1 ;
+----------------+-------+------------------------------------------------------------+
; Parameter Name ; Value ; Type                                                       ;
+----------------+-------+------------------------------------------------------------+
; N              ; 11    ; Signed Integer                                             ;
+----------------+-------+------------------------------------------------------------+
Note: In order to hide this table in the UI and the text report file, please set the "Show Parameter Settings in Synthesis Report" option in "Analysis and Synthesis Settings -> More Settings" to "Off".


+-----------------------------------------------------------------------------------+
; Parameter Settings for User Entity Instance: tx_serial_7O1_fd:U1_FD|contador_m:U2 ;
+----------------+-------+----------------------------------------------------------+
; Parameter Name ; Value ; Type                                                     ;
+----------------+-------+----------------------------------------------------------+
; M              ; 12    ; Signed Integer                                           ;
; N              ; 4     ; Signed Integer                                           ;
+----------------+-------+----------------------------------------------------------+
Note: In order to hide this table in the UI and the text report file, please set the "Show Parameter Settings in Synthesis Report" option in "Analysis and Synthesis Settings -> More Settings" to "Off".


+-----------------------------------------------------------------+
; Parameter Settings for User Entity Instance: tx_serial_uc:U2_UC ;
+----------------+-------+----------------------------------------+
; Parameter Name ; Value ; Type                                   ;
+----------------+-------+----------------------------------------+
; inicial        ; 0000  ; Unsigned Binary                        ;
; preparacao     ; 0001  ; Unsigned Binary                        ;
; espera         ; 0011  ; Unsigned Binary                        ;
; transmissao    ; 0111  ; Unsigned Binary                        ;
; final_tx       ; 1111  ; Unsigned Binary                        ;
+----------------+-------+----------------------------------------+
Note: In order to hide this table in the UI and the text report file, please set the "Show Parameter Settings in Synthesis Report" option in "Analysis and Synthesis Settings -> More Settings" to "Off".


+-----------------------------------------------------------------+
; Parameter Settings for User Entity Instance: contador_m:U3_TICK ;
+----------------+-------+----------------------------------------+
; Parameter Name ; Value ; Type                                   ;
+----------------+-------+----------------------------------------+
; M              ; 434   ; Signed Integer                         ;
; N              ; 9     ; Signed Integer                         ;
+----------------+-------+----------------------------------------+
Note: In order to hide this table in the UI and the text report file, please set the "Show Parameter Settings in Synthesis Report" option in "Analysis and Synthesis Settings -> More Settings" to "Off".


+------------------------------------------------------+
; Port Connectivity Checks: "contador_m:U3_TICK"       ;
+---------+--------+----------+------------------------+
; Port    ; Type   ; Severity ; Details                ;
+---------+--------+----------+------------------------+
; zera_as ; Input  ; Info     ; Stuck at GND           ;
; conta   ; Input  ; Info     ; Stuck at VCC           ;
; Q       ; Output ; Info     ; Explicitly unconnected ;
; meio    ; Output ; Info     ; Explicitly unconnected ;
+---------+--------+----------+------------------------+


+------------------------------------------------------------------+
; Port Connectivity Checks: "tx_serial_7O1_fd:U1_FD|contador_m:U2" ;
+---------+--------+----------+------------------------------------+
; Port    ; Type   ; Severity ; Details                            ;
+---------+--------+----------+------------------------------------+
; zera_as ; Input  ; Info     ; Stuck at GND                       ;
; Q       ; Output ; Info     ; Explicitly unconnected             ;
; meio    ; Output ; Info     ; Explicitly unconnected             ;
+---------+--------+----------+------------------------------------+


+--------------------------------------------------------------------------------------------------------------------------+
; Port Connectivity Checks: "tx_serial_7O1_fd:U1_FD|deslocador_n:U1"                                                       ;
+----------------+--------+----------+-------------------------------------------------------------------------------------+
; Port           ; Type   ; Severity ; Details                                                                             ;
+----------------+--------+----------+-------------------------------------------------------------------------------------+
; entrada_serial ; Input  ; Info     ; Stuck at VCC                                                                        ;
; dados[10]      ; Input  ; Info     ; Stuck at VCC                                                                        ;
; dados[1]       ; Input  ; Info     ; Stuck at GND                                                                        ;
; dados[0]       ; Input  ; Info     ; Stuck at VCC                                                                        ;
; saida[10..1]   ; Output ; Info     ; Connected to dangling logic. Logic that only feeds a dangling port will be removed. ;
+----------------+--------+----------+-------------------------------------------------------------------------------------+


+-----------------------------------------------------+
; Post-Synthesis Netlist Statistics for Top Partition ;
+-----------------------+-----------------------------+
; Type                  ; Count                       ;
+-----------------------+-----------------------------+
; arriav_ff             ; 30                          ;
;     CLR               ; 7                           ;
;     ENA               ; 4                           ;
;     ENA CLR           ; 10                          ;
;     SCLR              ; 9                           ;
; arriav_lcell_comb     ; 41                          ;
;     arith             ; 9                           ;
;         1 data inputs ; 9                           ;
;     normal            ; 32                          ;
;         1 data inputs ; 1                           ;
;         2 data inputs ; 6                           ;
;         3 data inputs ; 12                          ;
;         4 data inputs ; 7                           ;
;         5 data inputs ; 4                           ;
;         6 data inputs ; 2                           ;
; boundary_port         ; 23                          ;
;                       ;                             ;
; Max LUT depth         ; 2.00                        ;
; Average LUT depth     ; 1.38                        ;
+-----------------------+-----------------------------+


+-------------------------------+
; Elapsed Time Per Partition    ;
+----------------+--------------+
; Partition Name ; Elapsed Time ;
+----------------+--------------+
; Top            ; 00:00:00     ;
+----------------+--------------+


+-------------------------------+
; Analysis & Synthesis Messages ;
+-------------------------------+
Info: *******************************************************************
Info: Running Quartus Prime Analysis & Synthesis
    Info: Version 20.1.1 Build 720 11/11/2020 SJ Lite Edition
    Info: Processing started: Sun Sep  8 19:52:10 2024
Info: Command: quartus_map --read_settings_files=on --write_settings_files=off tx_serial_7O1 -c tx_serial_7O1
Warning (18236): Number of processors has not been specified which may cause overloading on shared machines.  Set the global assignment NUM_PARALLEL_PROCESSORS in your QSF to an appropriate value for best performance.
Info (20030): Parallel compilation is enabled and will use 4 of the 4 processors detected
Info (12021): Found 1 design units, including 1 entities, in source file tx_serial_7O1_fd.v
    Info (12023): Found entity 1: tx_serial_7O1_fd File: /home/victor/Documentos/USP/LABDIG2/LabDig2/Semana2/tx_serial_7O1/tx_serial_7O1_fd.v Line: 5
Info (12021): Found 1 design units, including 1 entities, in source file tx_serial_7O1.v
    Info (12023): Found entity 1: tx_serial_7O1 File: /home/victor/Documentos/USP/LABDIG2/LabDig2/Semana2/tx_serial_7O1/tx_serial_7O1.v Line: 5
Info (12021): Found 1 design units, including 1 entities, in source file hexa7seg.v
    Info (12023): Found entity 1: hexa7seg File: /home/victor/Documentos/USP/LABDIG2/LabDig2/Semana2/tx_serial_7O1/hexa7seg.v Line: 22
Info (12021): Found 1 design units, including 1 entities, in source file edge_detector.v
    Info (12023): Found entity 1: edge_detector File: /home/victor/Documentos/USP/LABDIG2/LabDig2/Semana2/tx_serial_7O1/edge_detector.v Line: 19
Info (12021): Found 1 design units, including 1 entities, in source file deslocador_n.v
    Info (12023): Found entity 1: deslocador_n File: /home/victor/Documentos/USP/LABDIG2/LabDig2/Semana2/tx_serial_7O1/deslocador_n.v Line: 15
Info (12021): Found 1 design units, including 1 entities, in source file contador_m.v
    Info (12023): Found entity 1: contador_m File: /home/victor/Documentos/USP/LABDIG2/LabDig2/Semana2/tx_serial_7O1/contador_m.v Line: 17
Info (12021): Found 1 design units, including 1 entities, in source file tx_serial_uc.v
    Info (12023): Found entity 1: tx_serial_uc File: /home/victor/Documentos/USP/LABDIG2/LabDig2/Semana2/tx_serial_7O1/tx_serial_uc.v Line: 16
Info (12127): Elaborating entity "tx_serial_7O1" for the top level hierarchy
Info (12128): Elaborating entity "tx_serial_7O1_fd" for hierarchy "tx_serial_7O1_fd:U1_FD" File: /home/victor/Documentos/USP/LABDIG2/LabDig2/Semana2/tx_serial_7O1/tx_serial_7O1.v Line: 46
Info (12128): Elaborating entity "deslocador_n" for hierarchy "tx_serial_7O1_fd:U1_FD|deslocador_n:U1" File: /home/victor/Documentos/USP/LABDIG2/LabDig2/Semana2/tx_serial_7O1/tx_serial_7O1_fd.v Line: 38
Info (12128): Elaborating entity "contador_m" for hierarchy "tx_serial_7O1_fd:U1_FD|contador_m:U2" File: /home/victor/Documentos/USP/LABDIG2/LabDig2/Semana2/tx_serial_7O1/tx_serial_7O1_fd.v Line: 52
Info (12128): Elaborating entity "tx_serial_uc" for hierarchy "tx_serial_uc:U2_UC" File: /home/victor/Documentos/USP/LABDIG2/LabDig2/Semana2/tx_serial_7O1/tx_serial_7O1.v Line: 62
Info (12128): Elaborating entity "contador_m" for hierarchy "contador_m:U3_TICK" File: /home/victor/Documentos/USP/LABDIG2/LabDig2/Semana2/tx_serial_7O1/tx_serial_7O1.v Line: 78
Info (12128): Elaborating entity "edge_detector" for hierarchy "edge_detector:U4_ED" File: /home/victor/Documentos/USP/LABDIG2/LabDig2/Semana2/tx_serial_7O1/tx_serial_7O1.v Line: 87
Info (12128): Elaborating entity "hexa7seg" for hierarchy "hexa7seg:HEX0" File: /home/victor/Documentos/USP/LABDIG2/LabDig2/Semana2/tx_serial_7O1/tx_serial_7O1.v Line: 103
Info (286030): Timing-Driven Synthesis is running
Info (17049): 2 registers lost all their fanouts during netlist optimizations.
Info (16010): Generating hard_block partition "hard_block:auto_generated_inst"
    Info (16011): Adding 0 node(s), including 0 DDIO, 0 PLL, 0 transceiver and 0 LCELL
Info (21057): Implemented 65 device resources after synthesis - the final resource count might be different
    Info (21058): Implemented 10 input pins
    Info (21059): Implemented 13 output pins
    Info (21061): Implemented 42 logic cells
Info: Quartus Prime Analysis & Synthesis was successful. 0 errors, 1 warning
    Info: Peak virtual memory: 471 megabytes
    Info: Processing ended: Sun Sep  8 19:52:17 2024
    Info: Elapsed time: 00:00:07
    Info: Total CPU time (on all processors): 00:00:14


